DEBUG 2016/11/14 00:55:16 DEBUG LogFactory:128 - Logging initialized using 'class org.apache.ibatis.logging.slf4j.Slf4jImpl' adapter.
DEBUG 2016/11/14 00:55:17 DEBUG LoginFilter:177 - Initializing filter 'LoginFilter'
DEBUG 2016/11/14 00:55:17 DEBUG LoginFilter:202 - Filter 'LoginFilter' configured successfully
DEBUG 2016/11/14 00:55:17 DEBUG XssFilter:177 - Initializing filter 'XssFilter'
DEBUG 2016/11/14 00:55:17 DEBUG XssFilter:202 - Filter 'XssFilter' configured successfully
DEBUG 2016/11/14 00:55:17 DEBUG StatelessCsrfFilter:177 - Initializing filter 'StatelessCsrfFilter'
DEBUG 2016/11/14 00:55:17 DEBUG StatelessCsrfFilter:202 - Filter 'StatelessCsrfFilter' configured successfully
DEBUG 2016/11/14 01:08:24 DEBUG list:139 - ==>  Preparing: select count(*) from ( select id from post p where p.type=? order by p.createTime desc ) _temp_ 
DEBUG 2016/11/14 01:08:24 DEBUG list:139 - ==>  Preparing: select count(*) from ( select id from post p where p.type=? order by p.createTime desc ) _temp_ 
DEBUG 2016/11/14 01:08:24 DEBUG BeanPropertyUtils:37 - can't found field mappedStatement in class class org.apache.ibatis.executor.statement.PreparedStatementHandler
DEBUG 2016/11/14 01:08:24 DEBUG BeanPropertyUtils:37 - can't found field mappedStatement in class class org.apache.ibatis.executor.statement.PreparedStatementHandler
DEBUG 2016/11/14 01:08:24 DEBUG list:139 - ==> Parameters: post(String)
DEBUG 2016/11/14 01:08:24 DEBUG list:139 - ==> Parameters: post(String)
DEBUG 2016/11/14 01:08:25 DEBUG list:139 - ==>  Preparing: select id from post p where p.type=? order by p.createTime desc limit 0,10 
DEBUG 2016/11/14 01:08:25 DEBUG list:139 - ==> Parameters: post(String)
DEBUG 2016/11/14 01:08:25 DEBUG list:139 - ==>  Preparing: select id from post p where p.type=? order by p.createTime desc limit 0,10 
DEBUG 2016/11/14 01:08:25 DEBUG list:139 - ==> Parameters: post(String)
DEBUG 2016/11/14 01:08:25 DEBUG list:139 - <==      Total: 1
DEBUG 2016/11/14 01:08:25 DEBUG list:139 - <==      Total: 1
DEBUG 2016/11/14 01:08:25 DEBUG PerformanceInterceptor:57 - use time->8967 ms - id:com.itxiaoer.core.dal.mapper.PostMapper.list - sql:select id from post p where p.type='post' order by p.createTime desc
DEBUG 2016/11/14 01:08:25 DEBUG PerformanceInterceptor:57 - use time->9947 ms - id:com.itxiaoer.core.dal.mapper.PostMapper.list - sql:select id from post p where p.type='post' order by p.createTime desc
DEBUG 2016/11/14 01:08:25 DEBUG loadById:139 - ==>  Preparing: select * from post where id = ? 
DEBUG 2016/11/14 01:08:25 DEBUG loadById:139 - ==>  Preparing: select * from post where id = ? 
DEBUG 2016/11/14 01:08:25 DEBUG loadById:139 - ==> Parameters: 6(String)
DEBUG 2016/11/14 01:08:25 DEBUG loadById:139 - ==> Parameters: 6(String)
DEBUG 2016/11/14 01:08:25 DEBUG loadById:139 - <==      Total: 1
DEBUG 2016/11/14 01:08:25 DEBUG loadById:139 - <==      Total: 1
DEBUG 2016/11/14 01:08:25 DEBUG PerformanceInterceptor:57 - use time->326 ms - id:com.itxiaoer.core.dal.mapper.PostMapper.loadById - sql:select * from post where id = '6'
DEBUG 2016/11/14 01:08:25 DEBUG PerformanceInterceptor:57 - use time->328 ms - id:com.itxiaoer.core.dal.mapper.PostMapper.loadById - sql:select * from post where id = '6'
DEBUG 2016/11/14 01:08:25 DEBUG loadById:139 - ==>  Preparing: select id, name, visible from category where id = ? 
DEBUG 2016/11/14 01:08:25 DEBUG loadById:139 - ==>  Preparing: select id, name, visible from category where id = ? 
DEBUG 2016/11/14 01:08:25 DEBUG loadById:139 - ==> Parameters: JU1cVyskKmznHj0uTwF(String)
DEBUG 2016/11/14 01:08:25 DEBUG loadById:139 - ==> Parameters: JU1cVyskKmznHj0uTwF(String)
DEBUG 2016/11/14 01:08:26 DEBUG loadById:139 - <==      Total: 1
DEBUG 2016/11/14 01:08:26 DEBUG loadById:139 - <==      Total: 1
DEBUG 2016/11/14 01:08:26 DEBUG PerformanceInterceptor:57 - use time->310 ms - id:com.itxiaoer.core.dal.mapper.CategoryMapper.loadById - sql:select id, name, visible from category where id = 'JU1cVyskKmznHj0uTwF'
DEBUG 2016/11/14 01:08:26 DEBUG PerformanceInterceptor:57 - use time->314 ms - id:com.itxiaoer.core.dal.mapper.CategoryMapper.loadById - sql:select id, name, visible from category where id = 'JU1cVyskKmznHj0uTwF'
DEBUG 2016/11/14 01:08:26 DEBUG getTagsByPost:139 - ==>  Preparing: select name from tag where postid=? 
DEBUG 2016/11/14 01:08:26 DEBUG getTagsByPost:139 - ==>  Preparing: select name from tag where postid=? 
DEBUG 2016/11/14 01:08:26 DEBUG getTagsByPost:139 - ==> Parameters: 6(String)
DEBUG 2016/11/14 01:08:26 DEBUG getTagsByPost:139 - ==> Parameters: 6(String)
DEBUG 2016/11/14 01:08:26 DEBUG getTagsByPost:139 - <==      Total: 0
DEBUG 2016/11/14 01:08:26 DEBUG PerformanceInterceptor:57 - use time->299 ms - id:com.itxiaoer.core.dal.mapper.TagMapper.getTagsByPost - sql:select name from tag where postid='6'
DEBUG 2016/11/14 01:08:26 DEBUG getTagsByPost:139 - <==      Total: 0
DEBUG 2016/11/14 01:08:26 DEBUG PerformanceInterceptor:57 - use time->314 ms - id:com.itxiaoer.core.dal.mapper.TagMapper.getTagsByPost - sql:select name from tag where postid='6'
DEBUG 2016/11/14 01:08:26 DEBUG loadById:139 - ==>  Preparing: select id, nickName, realName, password, email, role, status, createTime, creator, lastUpdate from user where id = ? 
DEBUG 2016/11/14 01:08:26 DEBUG loadById:139 - ==> Parameters: uHHi9gvg81UXn4PLlLE(String)
DEBUG 2016/11/14 01:08:26 DEBUG loadById:139 - ==>  Preparing: select id, nickName, realName, password, email, role, status, createTime, creator, lastUpdate from user where id = ? 
DEBUG 2016/11/14 01:08:26 DEBUG loadById:139 - ==> Parameters: uHHi9gvg81UXn4PLlLE(String)
DEBUG 2016/11/14 01:08:26 DEBUG loadById:139 - <==      Total: 1
DEBUG 2016/11/14 01:08:26 DEBUG loadById:139 - <==      Total: 1
DEBUG 2016/11/14 01:08:26 DEBUG PerformanceInterceptor:57 - use time->303 ms - id:com.itxiaoer.core.dal.mapper.UserMapper.loadById - sql:select id, nickName, realName, password, email, role, status, createTime, creator, lastUpdate from user where id = 'uHHi9gvg81UXn4PLlLE'
DEBUG 2016/11/14 01:08:26 DEBUG PerformanceInterceptor:57 - use time->304 ms - id:com.itxiaoer.core.dal.mapper.UserMapper.loadById - sql:select id, nickName, realName, password, email, role, status, createTime, creator, lastUpdate from user where id = 'uHHi9gvg81UXn4PLlLE'
DEBUG 2016/11/14 01:08:48 DEBUG getOptionValue:139 - ==>  Preparing: select value from options where id = ? 
DEBUG 2016/11/14 01:08:48 DEBUG getOptionValue:139 - ==> Parameters: description(String)
DEBUG 2016/11/14 01:08:48 DEBUG getOptionValue:139 - <==      Total: 1
DEBUG 2016/11/14 01:08:48 DEBUG PerformanceInterceptor:57 - use time->299 ms - id:com.itxiaoer.core.dal.mapper.OptionMapper.getOptionValue - sql:select value from options where id = 'description'
DEBUG 2016/11/14 01:08:48 DEBUG getOptionValue:139 - ==>  Preparing: select value from options where id = ? 
DEBUG 2016/11/14 01:08:48 DEBUG getOptionValue:139 - ==> Parameters: title(String)
DEBUG 2016/11/14 01:08:48 DEBUG getOptionValue:139 - <==      Total: 1
DEBUG 2016/11/14 01:08:48 DEBUG PerformanceInterceptor:57 - use time->302 ms - id:com.itxiaoer.core.dal.mapper.OptionMapper.getOptionValue - sql:select value from options where id = 'title'
DEBUG 2016/11/14 01:08:58 DEBUG loadByNameAndPass:139 - ==>  Preparing: select id, nickName, realName, password, email, role, status, createTime, creator, lastUpdate from user where nickName = ? and password=md5(?) 
DEBUG 2016/11/14 01:08:58 DEBUG loadByNameAndPass:139 - ==> Parameters: admin(String), 123456(String)
DEBUG 2016/11/14 01:08:58 DEBUG loadByNameAndPass:139 - <==      Total: 1
DEBUG 2016/11/14 01:08:58 DEBUG PerformanceInterceptor:57 - use time->301 ms - id:com.itxiaoer.core.dal.mapper.UserMapper.loadByNameAndPass - sql:select id, nickName, realName, password, email, role, status, createTime, creator, lastUpdate from user where nickName = 'admin' and password=md5('123456')
DEBUG 2016/11/14 01:08:58 DEBUG LoginFilter:77 - logon-->/backend/index
DEBUG 2016/11/14 01:08:58 DEBUG count:139 - ==>  Preparing: select count(*) from user 
DEBUG 2016/11/14 01:08:58 DEBUG count:139 - ==> Parameters: 
DEBUG 2016/11/14 01:08:59 DEBUG count:139 - <==      Total: 1
DEBUG 2016/11/14 01:08:59 DEBUG PerformanceInterceptor:57 - use time->303 ms - id:com.itxiaoer.core.dal.mapper.UserMapper.count - sql:select count(*) from user
DEBUG 2016/11/14 01:08:59 DEBUG count:139 - ==>  Preparing: select count(*) from post 
DEBUG 2016/11/14 01:08:59 DEBUG count:139 - ==> Parameters: 
DEBUG 2016/11/14 01:08:59 DEBUG count:139 - <==      Total: 1
DEBUG 2016/11/14 01:08:59 DEBUG PerformanceInterceptor:57 - use time->302 ms - id:com.itxiaoer.core.dal.mapper.PostMapper.count - sql:select count(*) from post
DEBUG 2016/11/14 01:08:59 DEBUG count:139 - ==>  Preparing: select count(*) from comment 
DEBUG 2016/11/14 01:08:59 DEBUG count:139 - ==> Parameters: 
DEBUG 2016/11/14 01:08:59 DEBUG count:139 - <==      Total: 1
DEBUG 2016/11/14 01:08:59 DEBUG PerformanceInterceptor:57 - use time->307 ms - id:com.itxiaoer.core.dal.mapper.CommentMapper.count - sql:select count(*) from comment
DEBUG 2016/11/14 01:08:59 DEBUG count:139 - ==>  Preparing: select count(*) from upload 
DEBUG 2016/11/14 01:08:59 DEBUG count:139 - ==> Parameters: 
DEBUG 2016/11/14 01:08:59 DEBUG count:139 - <==      Total: 1
DEBUG 2016/11/14 01:08:59 DEBUG PerformanceInterceptor:57 - use time->303 ms - id:com.itxiaoer.core.dal.mapper.UploadMapper.count - sql:select count(*) from upload
DEBUG 2016/11/14 01:09:00 DEBUG listRecent:139 - ==>  Preparing: select id from post where type='post' order by createTime desc limit ? 
DEBUG 2016/11/14 01:09:00 DEBUG listRecent:139 - ==> Parameters: 10(Integer)
DEBUG 2016/11/14 01:09:00 DEBUG listRecent:139 - <==      Total: 1
DEBUG 2016/11/14 01:09:00 DEBUG PerformanceInterceptor:57 - use time->299 ms - id:com.itxiaoer.core.dal.mapper.PostMapper.listRecent - sql:select id from post where type='post' order by createTime desc limit 10
DEBUG 2016/11/14 01:09:00 DEBUG listRecent:139 - ==>  Preparing: select * from comment c order by c.createTime desc limit 10 
DEBUG 2016/11/14 01:09:00 DEBUG listRecent:139 - ==> Parameters: 
DEBUG 2016/11/14 01:09:01 DEBUG listRecent:139 - <==      Total: 0
DEBUG 2016/11/14 01:09:01 DEBUG PerformanceInterceptor:57 - use time->938 ms - id:com.itxiaoer.core.dal.mapper.CommentMapper.listRecent - sql:select * from comment c order by c.createTime desc limit 10
DEBUG 2016/11/14 01:09:07 DEBUG LoginFilter:77 - logon-->/backend/posts/edit
DEBUG 2016/11/14 01:09:07 DEBUG list:139 - ==>  Preparing: select id, name, level,visible from view_category 
DEBUG 2016/11/14 01:09:07 DEBUG list:139 - ==> Parameters: 
DEBUG 2016/11/14 01:09:07 DEBUG list:139 - <==      Total: 2
DEBUG 2016/11/14 01:09:07 DEBUG PerformanceInterceptor:57 - use time->296 ms - id:com.itxiaoer.core.dal.mapper.CategoryMapper.list - sql:select id, name, level,visible from view_category
DEBUG 2016/11/14 01:09:08 DEBUG LoginFilter:77 - logon-->/backend/uploads/ueditor
DEBUG 2016/11/14 01:11:01 DEBUG LoginFilter:77 - logon-->/backend/posts
DEBUG 2016/11/14 01:11:02 DEBUG getOptionValueForUpdate:139 - ==>  Preparing: select value from options where id = ? for update 
DEBUG 2016/11/14 01:11:02 DEBUG getOptionValueForUpdate:139 - ==> Parameters: postid(String)
DEBUG 2016/11/14 01:11:02 DEBUG getOptionValueForUpdate:139 - <==      Total: 1
DEBUG 2016/11/14 01:11:02 DEBUG PerformanceInterceptor:57 - use time->299 ms - id:com.itxiaoer.core.dal.mapper.OptionMapper.getOptionValueForUpdate - sql:select value from options where id = 'postid' for update
DEBUG 2016/11/14 01:11:02 DEBUG update:139 - ==>  Preparing: replace into options(id, name, value) values (?, ?, ?) 
DEBUG 2016/11/14 01:11:02 DEBUG update:139 - ==> Parameters: postid(String), postid(String), 7(String)
DEBUG 2016/11/14 01:11:02 DEBUG update:139 - <==    Updates: 2
DEBUG 2016/11/14 01:11:02 DEBUG PerformanceInterceptor:57 - use time->296 ms - id:com.itxiaoer.core.dal.mapper.OptionMapper.update - sql:replace into options(id, name, value) values ('postid', 'postid', '7')
DEBUG 2016/11/14 01:11:03 DEBUG insert:139 - ==>  Preparing: insert into post(id,title,excerpt,content,type,parent,categoryid,pstatus,cstatus,ccount,rcount,createTime,creator,lastUpdate) values(?,?,?,?,?,?,?,?,?,?,?,?,?,?) 
DEBUG 2016/11/14 01:11:03 DEBUG insert:139 - ==> Parameters: 7(String), 这个是一个很牛逼的文章(String), 我和你一样，也喜欢画画。 也许，我们都一样，并非科班出身，不是根正苗红的艺术苗子。但是爱好二字让我们在这条路上不断前行。 对于刚刚接触画画的人来说，经常会觉得自己画的不够好，线条不直，形状不美，解决这些问题除了需要多多观察、时常练习之外，还需要一个好的心态，不要着急，开心作画。画画本来就是一件让人开心的事情啊！ 看起来很难画的图案拆分下来，慢慢画，你也能画的好，画的萌萌哒。 画简笔画步骤： 1、在图形的基础上概况的画出物体的轮廓。 2、逐步画出对象、细画对象。 3、加上细节、情态、阴影等。 凡是简易物体都可以用几何图形来诠释关键形态，然后在几何图形上做出一些改动。 下面大家可以对照步骤来看下我的部分作品：(String), java.io.StringReader@7ef3e425(StringReader), post(String), Root(String), JU1cVyskKmznHj0uTwF(String), publish(String), open(String), 0(Integer), 0(Integer), 2016-11-14 01:11:03.3(Timestamp), uHHi9gvg81UXn4PLlLE(String), 2016-11-14 01:11:03.3(Timestamp)
DEBUG 2016/11/14 01:11:04 DEBUG insert:139 - <==    Updates: 1
DEBUG 2016/11/14 01:11:04 DEBUG PerformanceInterceptor:57 - use time->631 ms - id:com.itxiaoer.core.dal.mapper.PostMapper.insert - sql:insert into post(id,title,excerpt,content,type,parent,categoryid,pstatus,cstatus,ccount,rcount,createTime,creator,lastUpdate) values('7','这个是一个很牛逼的文章','我和你一样，也喜欢画画。 也许，我们都一样，并非科班出身，不是根正苗红的艺术苗子。但是爱好二字让我们在这条路上不断前行。 对于刚刚接触画画的人来说，经常会觉得自己画的不够好，线条不直，形状不美，解决这些问题除了需要多多观察、时常练习之外，还需要一个好的心态，不要着急，开心作画。画画本来就是一件让人开心的事情啊！ 看起来很难画的图案拆分下来，慢慢画，你也能画的好，画的萌萌哒。 画简笔画步骤： 1、在图形的基础上概况的画出物体的轮廓。 2、逐步画出对象、细画对象。 3、加上细节、情态、阴影等。 凡是简易物体都可以用几何图形来诠释关键形态，然后在几何图形上做出一些改动。 下面大家可以对照步骤来看下我的部分作品：','<div id="epiceditor-preview">
 <p>我和你一样，也喜欢画画。 </p> 
 <p>也许，我们都一样，并非科班出身，不是根正苗红的艺术苗子。但是爱好二字让我们在这条路上不断前行。 </p> 
 <p>对于刚刚接触画画的人来说，经常会觉得自己画的不够好，线条不直，形状不美，解决这些问题除了需要多多观察、时常练习之外，还需要一个好的心态，不要着急，开心作画。画画本来就是一件让人开心的事情啊！ </p> 
 <p>看起来很难画的图案拆分下来，慢慢画，你也能画的好，画的萌萌哒。 </p> 
 <p>画简笔画步骤： </p> 
 <p>1、在图形的基础上概况的画出物体的轮廓。 </p> 
 <p>2、逐步画出对象、细画对象。 </p> 
 <p>3、加上细节、情态、阴影等。 凡是简易物体都可以用几何图形来诠释关键形态，然后在几何图形上做出一些改动。 </p> 
 <p>下面大家可以对照步骤来看下我的部分作品：</p> 
</div>','post','Root','JU1cVyskKmznHj0uTwF','publish','open',0,0,'2016-11-14 01:11:03','uHHi9gvg81UXn4PLlLE','2016-11-14 01:11:03')
DEBUG 2016/11/14 01:11:04 DEBUG insertBatch:139 - ==>  Preparing: insert into tag(id,name,postid,createTime) values (?, ?, ?, ?) 
DEBUG 2016/11/14 01:11:04 DEBUG insertBatch:139 - ==> Parameters: zO5L8IKeKu0lSqlvf18(String), 画画(String), 7(String), 2016-11-14 01:11:03.3(Timestamp)
DEBUG 2016/11/14 01:11:04 DEBUG insertBatch:139 - <==    Updates: 1
DEBUG 2016/11/14 01:11:04 DEBUG PerformanceInterceptor:57 - use time->298 ms - id:com.itxiaoer.core.dal.mapper.TagMapper.insertBatch - sql:insert into tag(id,name,postid,createTime) values ('zO5L8IKeKu0lSqlvf18', '画画', '7', '2016-11-14 01:11:03')
DEBUG 2016/11/14 01:11:04 DEBUG IndexManager:36 - add post index -->这个是一个很牛逼的文章
DEBUG 2016/11/14 01:11:05 DEBUG listRecent:139 - ==>  Preparing: select id from post where type='post' order by createTime desc limit ? 
DEBUG 2016/11/14 01:11:05 DEBUG listRecent:139 - ==> Parameters: 10(Integer)
DEBUG 2016/11/14 01:11:06 DEBUG listRecent:139 - <==      Total: 2
DEBUG 2016/11/14 01:11:06 DEBUG PerformanceInterceptor:57 - use time->299 ms - id:com.itxiaoer.core.dal.mapper.PostMapper.listRecent - sql:select id from post where type='post' order by createTime desc limit 10
DEBUG 2016/11/14 01:11:06 DEBUG loadById:139 - ==>  Preparing: select * from post where id = ? 
DEBUG 2016/11/14 01:11:06 DEBUG loadById:139 - ==> Parameters: 7(String)
DEBUG 2016/11/14 01:11:06 DEBUG loadById:139 - <==      Total: 1
DEBUG 2016/11/14 01:11:06 DEBUG PerformanceInterceptor:57 - use time->346 ms - id:com.itxiaoer.core.dal.mapper.PostMapper.loadById - sql:select * from post where id = '7'
DEBUG 2016/11/14 01:11:06 DEBUG getTagsByPost:139 - ==>  Preparing: select name from tag where postid=? 
DEBUG 2016/11/14 01:11:06 DEBUG getTagsByPost:139 - ==> Parameters: 7(String)
DEBUG 2016/11/14 01:11:06 DEBUG LoginFilter:77 - logon-->/backend/posts
DEBUG 2016/11/14 01:11:06 DEBUG getTagsByPost:139 - <==      Total: 1
DEBUG 2016/11/14 01:11:06 DEBUG PerformanceInterceptor:57 - use time->298 ms - id:com.itxiaoer.core.dal.mapper.TagMapper.getTagsByPost - sql:select name from tag where postid='7'
DEBUG 2016/11/14 01:11:07 DEBUG cache:45 - Couldn't find template in cache for "recent.html"("zh_CN", UTF-8, parsed); will try to load it.
DEBUG 2016/11/14 01:11:07 DEBUG cache:45 - TemplateLoader.findTemplateSource("recent_zh_CN.html"): Not found
DEBUG 2016/11/14 01:11:07 DEBUG cache:45 - TemplateLoader.findTemplateSource("recent_zh.html"): Not found
DEBUG 2016/11/14 01:11:07 DEBUG cache:45 - TemplateLoader.findTemplateSource("recent.html"): Found
DEBUG 2016/11/14 01:11:07 DEBUG cache:45 - Loading template for "recent.html"("zh_CN", UTF-8, parsed) from "D:\\SSH\\git\\xiaoer\\itxiaoer\\target\\classes\\com\\itxiaoer\\service\\freemarker\\ftl\\recent.html"
INFO 2016/11/14 01:11:07  INFO StaticTemplate:138 - staticRecent
DEBUG 2016/11/14 01:11:07 DEBUG list:139 - ==>  Preparing: select name, count(*) as count from tag group by name order by createTime desc 
DEBUG 2016/11/14 01:11:07 DEBUG list:139 - ==> Parameters: 
DEBUG 2016/11/14 01:11:07 DEBUG getOptionValueForUpdate:139 - ==>  Preparing: select value from options where id = ? for update 
DEBUG 2016/11/14 01:11:07 DEBUG getOptionValueForUpdate:139 - ==> Parameters: postid(String)
DEBUG 2016/11/14 01:11:07 DEBUG list:139 - <==      Total: 1
DEBUG 2016/11/14 01:11:07 DEBUG PerformanceInterceptor:57 - use time->298 ms - id:com.itxiaoer.core.dal.mapper.TagMapper.list - sql:select name, count(*) as count from tag group by name order by createTime desc
DEBUG 2016/11/14 01:11:07 DEBUG cache:45 - Couldn't find template in cache for "tagcloud.html"("zh_CN", UTF-8, parsed); will try to load it.
DEBUG 2016/11/14 01:11:07 DEBUG cache:45 - TemplateLoader.findTemplateSource("tagcloud_zh_CN.html"): Not found
DEBUG 2016/11/14 01:11:07 DEBUG cache:45 - TemplateLoader.findTemplateSource("tagcloud_zh.html"): Not found
DEBUG 2016/11/14 01:11:07 DEBUG cache:45 - TemplateLoader.findTemplateSource("tagcloud.html"): Found
DEBUG 2016/11/14 01:11:07 DEBUG cache:45 - Loading template for "tagcloud.html"("zh_CN", UTF-8, parsed) from "D:\\SSH\\git\\xiaoer\\itxiaoer\\target\\classes\\com\\itxiaoer\\service\\freemarker\\ftl\\tagcloud.html"
INFO 2016/11/14 01:11:07  INFO StaticTemplate:85 - staticCloudTags
DEBUG 2016/11/14 01:11:07 DEBUG listArchive:139 - ==>  Preparing: select createTime ,count(*) as count from post where type='post' group by date_format(createTime,'%Y%m') order by createTime desc 
DEBUG 2016/11/14 01:11:07 DEBUG listArchive:139 - ==> Parameters: 
DEBUG 2016/11/14 01:11:07 DEBUG getOptionValueForUpdate:139 - <==      Total: 1
DEBUG 2016/11/14 01:11:07 DEBUG PerformanceInterceptor:57 - use time->298 ms - id:com.itxiaoer.core.dal.mapper.OptionMapper.getOptionValueForUpdate - sql:select value from options where id = 'postid' for update
DEBUG 2016/11/14 01:11:07 DEBUG update:139 - ==>  Preparing: replace into options(id, name, value) values (?, ?, ?) 
DEBUG 2016/11/14 01:11:07 DEBUG update:139 - ==> Parameters: postid(String), postid(String), 8(String)
DEBUG 2016/11/14 01:11:07 DEBUG listArchive:139 - <==      Total: 1
DEBUG 2016/11/14 01:11:07 DEBUG PerformanceInterceptor:57 - use time->297 ms - id:com.itxiaoer.core.dal.mapper.PostMapper.listArchive - sql:select createTime ,count(*) as count from post where type='post' group by date_format(createTime,'%Y%m') order by createTime desc
DEBUG 2016/11/14 01:11:07 DEBUG cache:45 - Couldn't find template in cache for "archive.html"("zh_CN", UTF-8, parsed); will try to load it.
DEBUG 2016/11/14 01:11:07 DEBUG cache:45 - TemplateLoader.findTemplateSource("archive_zh_CN.html"): Not found
DEBUG 2016/11/14 01:11:07 DEBUG cache:45 - TemplateLoader.findTemplateSource("archive_zh.html"): Not found
DEBUG 2016/11/14 01:11:07 DEBUG cache:45 - TemplateLoader.findTemplateSource("archive.html"): Found
DEBUG 2016/11/14 01:11:07 DEBUG cache:45 - Loading template for "archive.html"("zh_CN", UTF-8, parsed) from "D:\\SSH\\git\\xiaoer\\itxiaoer\\target\\classes\\com\\itxiaoer\\service\\freemarker\\ftl\\archive.html"
DEBUG 2016/11/14 01:11:07 DEBUG update:139 - <==    Updates: 2
DEBUG 2016/11/14 01:11:07 DEBUG PerformanceInterceptor:57 - use time->297 ms - id:com.itxiaoer.core.dal.mapper.OptionMapper.update - sql:replace into options(id, name, value) values ('postid', 'postid', '8')
INFO 2016/11/14 01:11:07  INFO StaticTemplate:99 - staticArchive
DEBUG 2016/11/14 01:11:07 DEBUG LoginFilter:77 - logon-->/backend/posts/
DEBUG 2016/11/14 01:11:07 DEBUG list:139 - ==>  Preparing: select count(*) from ( select id from post p where p.type=? order by p.createTime desc ) _temp_ 
DEBUG 2016/11/14 01:11:07 DEBUG BeanPropertyUtils:37 - can't found field mappedStatement in class class org.apache.ibatis.executor.statement.PreparedStatementHandler
DEBUG 2016/11/14 01:11:07 DEBUG list:139 - ==> Parameters: post(String)
DEBUG 2016/11/14 01:11:08 DEBUG list:139 - ==>  Preparing: select id from post p where p.type=? order by p.createTime desc limit 0,15 
DEBUG 2016/11/14 01:11:08 DEBUG list:139 - ==> Parameters: post(String)
DEBUG 2016/11/14 01:11:08 DEBUG list:139 - <==      Total: 2
DEBUG 2016/11/14 01:11:08 DEBUG PerformanceInterceptor:57 - use time->591 ms - id:com.itxiaoer.core.dal.mapper.PostMapper.list - sql:select id from post p where p.type='post' order by p.createTime desc
DEBUG 2016/11/14 01:11:08 DEBUG list:139 - ==>  Preparing: select id, name, level,visible from view_category 
DEBUG 2016/11/14 01:11:08 DEBUG list:139 - ==> Parameters: 
DEBUG 2016/11/14 01:11:08 DEBUG insert:139 - ==>  Preparing: insert into post(id,title,excerpt,content,type,parent,categoryid,pstatus,cstatus,ccount,rcount,createTime,creator,lastUpdate) values(?,?,?,?,?,?,?,?,?,?,?,?,?,?) 
DEBUG 2016/11/14 01:11:08 DEBUG insert:139 - ==> Parameters: 8(String), 这个是一个很牛逼的文章(String), 我和你一样，也喜欢画画。 也许，我们都一样，并非科班出身，不是根正苗红的艺术苗子。但是爱好二字让我们在这条路上不断前行。 对于刚刚接触画画的人来说，经常会觉得自己画的不够好，线条不直，形状不美，解决这些问题除了需要多多观察、时常练习之外，还需要一个好的心态，不要着急，开心作画。画画本来就是一件让人开心的事情啊！ 看起来很难画的图案拆分下来，慢慢画，你也能画的好，画的萌萌哒。 画简笔画步骤： 1、在图形的基础上概况的画出物体的轮廓。 2、逐步画出对象、细画对象。 3、加上细节、情态、阴影等。 凡是简易物体都可以用几何图形来诠释关键形态，然后在几何图形上做出一些改动。 下面大家可以对照步骤来看下我的部分作品：(String), java.io.StringReader@243412e2(StringReader), post(String), Root(String), JU1cVyskKmznHj0uTwF(String), publish(String), open(String), 0(Integer), 0(Integer), 2016-11-14 01:11:08.432(Timestamp), uHHi9gvg81UXn4PLlLE(String), 2016-11-14 01:11:08.432(Timestamp)
DEBUG 2016/11/14 01:11:08 DEBUG list:139 - <==      Total: 2
DEBUG 2016/11/14 01:11:08 DEBUG PerformanceInterceptor:57 - use time->301 ms - id:com.itxiaoer.core.dal.mapper.CategoryMapper.list - sql:select id, name, level,visible from view_category
DEBUG 2016/11/14 01:11:09 DEBUG insert:139 - <==    Updates: 1
DEBUG 2016/11/14 01:11:09 DEBUG PerformanceInterceptor:57 - use time->304 ms - id:com.itxiaoer.core.dal.mapper.PostMapper.insert - sql:insert into post(id,title,excerpt,content,type,parent,categoryid,pstatus,cstatus,ccount,rcount,createTime,creator,lastUpdate) values('8','这个是一个很牛逼的文章','我和你一样，也喜欢画画。 也许，我们都一样，并非科班出身，不是根正苗红的艺术苗子。但是爱好二字让我们在这条路上不断前行。 对于刚刚接触画画的人来说，经常会觉得自己画的不够好，线条不直，形状不美，解决这些问题除了需要多多观察、时常练习之外，还需要一个好的心态，不要着急，开心作画。画画本来就是一件让人开心的事情啊！ 看起来很难画的图案拆分下来，慢慢画，你也能画的好，画的萌萌哒。 画简笔画步骤： 1、在图形的基础上概况的画出物体的轮廓。 2、逐步画出对象、细画对象。 3、加上细节、情态、阴影等。 凡是简易物体都可以用几何图形来诠释关键形态，然后在几何图形上做出一些改动。 下面大家可以对照步骤来看下我的部分作品：','<div id="epiceditor-preview">
 <p>我和你一样，也喜欢画画。 </p> 
 <p>也许，我们都一样，并非科班出身，不是根正苗红的艺术苗子。但是爱好二字让我们在这条路上不断前行。 </p> 
 <p>对于刚刚接触画画的人来说，经常会觉得自己画的不够好，线条不直，形状不美，解决这些问题除了需要多多观察、时常练习之外，还需要一个好的心态，不要着急，开心作画。画画本来就是一件让人开心的事情啊！ </p> 
 <p>看起来很难画的图案拆分下来，慢慢画，你也能画的好，画的萌萌哒。 </p> 
 <p>画简笔画步骤： </p> 
 <p>1、在图形的基础上概况的画出物体的轮廓。 </p> 
 <p>2、逐步画出对象、细画对象。 </p> 
 <p>3、加上细节、情态、阴影等。 凡是简易物体都可以用几何图形来诠释关键形态，然后在几何图形上做出一些改动。 </p> 
 <p>下面大家可以对照步骤来看下我的部分作品：</p> 
</div>','post','Root','JU1cVyskKmznHj0uTwF','publish','open',0,0,'2016-11-14 01:11:08','uHHi9gvg81UXn4PLlLE','2016-11-14 01:11:08')
DEBUG 2016/11/14 01:11:09 DEBUG insertBatch:139 - ==>  Preparing: insert into tag(id,name,postid,createTime) values (?, ?, ?, ?) 
DEBUG 2016/11/14 01:11:09 DEBUG insertBatch:139 - ==> Parameters: CVLK7IomEX7wzz6XDnI(String), 画画(String), 8(String), 2016-11-14 01:11:08.432(Timestamp)
DEBUG 2016/11/14 01:11:09 DEBUG insertBatch:139 - <==    Updates: 1
DEBUG 2016/11/14 01:11:09 DEBUG PerformanceInterceptor:57 - use time->299 ms - id:com.itxiaoer.core.dal.mapper.TagMapper.insertBatch - sql:insert into tag(id,name,postid,createTime) values ('CVLK7IomEX7wzz6XDnI', '画画', '8', '2016-11-14 01:11:08')
DEBUG 2016/11/14 01:11:09 DEBUG IndexManager:36 - add post index -->这个是一个很牛逼的文章
DEBUG 2016/11/14 01:11:10 DEBUG listRecent:139 - ==>  Preparing: select id from post where type='post' order by createTime desc limit ? 
DEBUG 2016/11/14 01:11:10 DEBUG listRecent:139 - ==> Parameters: 10(Integer)
DEBUG 2016/11/14 01:11:10 DEBUG listRecent:139 - <==      Total: 3
DEBUG 2016/11/14 01:11:10 DEBUG PerformanceInterceptor:57 - use time->298 ms - id:com.itxiaoer.core.dal.mapper.PostMapper.listRecent - sql:select id from post where type='post' order by createTime desc limit 10
DEBUG 2016/11/14 01:11:10 DEBUG loadById:139 - ==>  Preparing: select * from post where id = ? 
DEBUG 2016/11/14 01:11:10 DEBUG loadById:139 - ==> Parameters: 8(String)
DEBUG 2016/11/14 01:11:10 DEBUG loadById:139 - <==      Total: 1
DEBUG 2016/11/14 01:11:10 DEBUG PerformanceInterceptor:57 - use time->339 ms - id:com.itxiaoer.core.dal.mapper.PostMapper.loadById - sql:select * from post where id = '8'
DEBUG 2016/11/14 01:11:10 DEBUG getTagsByPost:139 - ==>  Preparing: select name from tag where postid=? 
DEBUG 2016/11/14 01:11:10 DEBUG getTagsByPost:139 - ==> Parameters: 8(String)
DEBUG 2016/11/14 01:11:11 DEBUG getTagsByPost:139 - <==      Total: 1
DEBUG 2016/11/14 01:11:11 DEBUG PerformanceInterceptor:57 - use time->299 ms - id:com.itxiaoer.core.dal.mapper.TagMapper.getTagsByPost - sql:select name from tag where postid='8'
DEBUG 2016/11/14 01:11:11 DEBUG cache:45 - Couldn't find template in cache for "recent.html"("zh_CN", UTF-8, parsed); will try to load it.
DEBUG 2016/11/14 01:11:11 DEBUG cache:45 - TemplateLoader.findTemplateSource("recent_zh_CN.html"): Not found
DEBUG 2016/11/14 01:11:11 DEBUG cache:45 - TemplateLoader.findTemplateSource("recent_zh.html"): Not found
DEBUG 2016/11/14 01:11:11 DEBUG cache:45 - TemplateLoader.findTemplateSource("recent.html"): Found
DEBUG 2016/11/14 01:11:11 DEBUG cache:45 - Loading template for "recent.html"("zh_CN", UTF-8, parsed) from "D:\\SSH\\git\\xiaoer\\itxiaoer\\target\\classes\\com\\itxiaoer\\service\\freemarker\\ftl\\recent.html"
INFO 2016/11/14 01:11:11  INFO StaticTemplate:138 - staticRecent
DEBUG 2016/11/14 01:11:11 DEBUG list:139 - ==>  Preparing: select name, count(*) as count from tag group by name order by createTime desc 
DEBUG 2016/11/14 01:11:11 DEBUG list:139 - ==> Parameters: 
DEBUG 2016/11/14 01:11:11 DEBUG list:139 - <==      Total: 1
DEBUG 2016/11/14 01:11:11 DEBUG PerformanceInterceptor:57 - use time->300 ms - id:com.itxiaoer.core.dal.mapper.TagMapper.list - sql:select name, count(*) as count from tag group by name order by createTime desc
DEBUG 2016/11/14 01:11:11 DEBUG cache:45 - Couldn't find template in cache for "tagcloud.html"("zh_CN", UTF-8, parsed); will try to load it.
DEBUG 2016/11/14 01:11:11 DEBUG cache:45 - TemplateLoader.findTemplateSource("tagcloud_zh_CN.html"): Not found
DEBUG 2016/11/14 01:11:11 DEBUG cache:45 - TemplateLoader.findTemplateSource("tagcloud_zh.html"): Not found
DEBUG 2016/11/14 01:11:11 DEBUG cache:45 - TemplateLoader.findTemplateSource("tagcloud.html"): Found
DEBUG 2016/11/14 01:11:11 DEBUG cache:45 - Loading template for "tagcloud.html"("zh_CN", UTF-8, parsed) from "D:\\SSH\\git\\xiaoer\\itxiaoer\\target\\classes\\com\\itxiaoer\\service\\freemarker\\ftl\\tagcloud.html"
INFO 2016/11/14 01:11:11  INFO StaticTemplate:85 - staticCloudTags
DEBUG 2016/11/14 01:11:11 DEBUG listArchive:139 - ==>  Preparing: select createTime ,count(*) as count from post where type='post' group by date_format(createTime,'%Y%m') order by createTime desc 
DEBUG 2016/11/14 01:11:11 DEBUG listArchive:139 - ==> Parameters: 
DEBUG 2016/11/14 01:11:11 DEBUG listArchive:139 - <==      Total: 1
DEBUG 2016/11/14 01:11:11 DEBUG PerformanceInterceptor:57 - use time->299 ms - id:com.itxiaoer.core.dal.mapper.PostMapper.listArchive - sql:select createTime ,count(*) as count from post where type='post' group by date_format(createTime,'%Y%m') order by createTime desc
DEBUG 2016/11/14 01:11:11 DEBUG cache:45 - Couldn't find template in cache for "archive.html"("zh_CN", UTF-8, parsed); will try to load it.
DEBUG 2016/11/14 01:11:11 DEBUG cache:45 - TemplateLoader.findTemplateSource("archive_zh_CN.html"): Not found
DEBUG 2016/11/14 01:11:11 DEBUG cache:45 - TemplateLoader.findTemplateSource("archive_zh.html"): Not found
DEBUG 2016/11/14 01:11:11 DEBUG cache:45 - TemplateLoader.findTemplateSource("archive.html"): Found
DEBUG 2016/11/14 01:11:11 DEBUG cache:45 - Loading template for "archive.html"("zh_CN", UTF-8, parsed) from "D:\\SSH\\git\\xiaoer\\itxiaoer\\target\\classes\\com\\itxiaoer\\service\\freemarker\\ftl\\archive.html"
INFO 2016/11/14 01:11:11  INFO StaticTemplate:99 - staticArchive
DEBUG 2016/11/14 01:11:15 DEBUG LoginFilter:77 - logon-->/pages/7
DEBUG 2016/11/14 01:11:15 DEBUG listByPost:139 - ==>  Preparing: select id, content, creator, url, status, parent, createTime from comment c where postid=? and (status='approve' or creator=? ) order by c.createTime desc 
DEBUG 2016/11/14 01:11:15 DEBUG listByPost:139 - ==> Parameters: 7(String), admin(String)
DEBUG 2016/11/14 01:11:16 DEBUG listByPost:139 - <==      Total: 0
DEBUG 2016/11/14 01:11:16 DEBUG PerformanceInterceptor:57 - use time->335 ms - id:com.itxiaoer.core.dal.mapper.CommentMapper.listByPost - sql:select id, content, creator, url, status, parent, createTime from comment c where postid='7' and (status='approve' or creator='admin' ) order by c.createTime desc
DEBUG 2016/11/14 01:11:16 DEBUG getOptionValue:139 - ==>  Preparing: select value from options where id = ? 
DEBUG 2016/11/14 01:11:16 DEBUG getOptionValue:139 - ==> Parameters: keywords(String)
DEBUG 2016/11/14 01:11:18 DEBUG getOptionValue:139 - <==      Total: 0
DEBUG 2016/11/14 01:11:18 DEBUG PerformanceInterceptor:57 - use time->1759 ms - id:com.itxiaoer.core.dal.mapper.OptionMapper.getOptionValue - sql:select value from options where id = 'keywords'
DEBUG 2016/11/14 01:11:18 DEBUG getOptionValue:139 - ==>  Preparing: select value from options where id = ? 
DEBUG 2016/11/14 01:11:18 DEBUG getOptionValue:139 - ==> Parameters: post_allowComment(String)
DEBUG 2016/11/14 01:11:18 DEBUG getOptionValue:139 - <==      Total: 0
DEBUG 2016/11/14 01:11:18 DEBUG PerformanceInterceptor:57 - use time->295 ms - id:com.itxiaoer.core.dal.mapper.OptionMapper.getOptionValue - sql:select value from options where id = 'post_allowComment'
DEBUG 2016/11/14 01:11:42 DEBUG LoginFilter:77 - logon-->/
DEBUG 2016/11/14 01:11:42 DEBUG list:139 - ==>  Preparing: select count(*) from ( select id from post p where p.type=? order by p.createTime desc ) _temp_ 
DEBUG 2016/11/14 01:11:42 DEBUG BeanPropertyUtils:37 - can't found field mappedStatement in class class org.apache.ibatis.executor.statement.PreparedStatementHandler
DEBUG 2016/11/14 01:11:42 DEBUG list:139 - ==> Parameters: post(String)
DEBUG 2016/11/14 01:11:42 DEBUG list:139 - ==>  Preparing: select id from post p where p.type=? order by p.createTime desc limit 0,10 
DEBUG 2016/11/14 01:11:42 DEBUG list:139 - ==> Parameters: post(String)
DEBUG 2016/11/14 01:11:42 DEBUG list:139 - <==      Total: 3
DEBUG 2016/11/14 01:11:42 DEBUG PerformanceInterceptor:57 - use time->602 ms - id:com.itxiaoer.core.dal.mapper.PostMapper.list - sql:select id from post p where p.type='post' order by p.createTime desc
DEBUG 2016/11/14 01:15:45 DEBUG LoginFilter:77 - logon-->/
DEBUG 2016/11/14 01:15:45 DEBUG list:139 - ==>  Preparing: select count(*) from ( select id from post p where p.type=? order by p.createTime desc ) _temp_ 
DEBUG 2016/11/14 01:15:45 DEBUG BeanPropertyUtils:37 - can't found field mappedStatement in class class org.apache.ibatis.executor.statement.PreparedStatementHandler
DEBUG 2016/11/14 01:15:45 DEBUG list:139 - ==> Parameters: post(String)
DEBUG 2016/11/14 01:15:45 DEBUG list:139 - ==>  Preparing: select id from post p where p.type=? order by p.createTime desc limit 0,10 
DEBUG 2016/11/14 01:15:45 DEBUG list:139 - ==> Parameters: post(String)
DEBUG 2016/11/14 01:15:45 DEBUG list:139 - <==      Total: 3
DEBUG 2016/11/14 01:15:45 DEBUG PerformanceInterceptor:57 - use time->600 ms - id:com.itxiaoer.core.dal.mapper.PostMapper.list - sql:select id from post p where p.type='post' order by p.createTime desc
DEBUG 2016/11/14 01:15:53 DEBUG LoginFilter:77 - logon-->/posts/7
DEBUG 2016/11/14 01:15:53 DEBUG listByPost:139 - ==>  Preparing: select id, content, creator, url, status, parent, createTime from comment c where postid=? and (status='approve' or creator=? ) order by c.createTime desc 
DEBUG 2016/11/14 01:15:53 DEBUG listByPost:139 - ==> Parameters: 7(String), admin(String)
DEBUG 2016/11/14 01:15:54 DEBUG listByPost:139 - <==      Total: 0
DEBUG 2016/11/14 01:15:54 DEBUG PerformanceInterceptor:57 - use time->301 ms - id:com.itxiaoer.core.dal.mapper.CommentMapper.listByPost - sql:select id, content, creator, url, status, parent, createTime from comment c where postid='7' and (status='approve' or creator='admin' ) order by c.createTime desc
DEBUG 2016/11/14 01:15:54 DEBUG getNextPost:139 - ==>  Preparing: select id,title from post where type='post' and createTime > (select createTime from post where id=?) limit 1 
DEBUG 2016/11/14 01:15:54 DEBUG getNextPost:139 - ==> Parameters: 7(String)
DEBUG 2016/11/14 01:15:54 DEBUG getNextPost:139 - <==      Total: 1
DEBUG 2016/11/14 01:15:54 DEBUG PerformanceInterceptor:57 - use time->298 ms - id:com.itxiaoer.core.dal.mapper.PostMapper.getNextPost - sql:select id,title from post where type='post' and createTime > (select createTime from post where id='7') limit 1
DEBUG 2016/11/14 01:15:54 DEBUG getPrevPost:139 - ==>  Preparing: select id,title from post where type='post' and createTime < (select createTime from post where id=?) order by createTime desc limit 1 
DEBUG 2016/11/14 01:15:54 DEBUG getPrevPost:139 - ==> Parameters: 7(String)
DEBUG 2016/11/14 01:15:54 DEBUG getPrevPost:139 - <==      Total: 1
DEBUG 2016/11/14 01:15:54 DEBUG PerformanceInterceptor:57 - use time->300 ms - id:com.itxiaoer.core.dal.mapper.PostMapper.getPrevPost - sql:select id,title from post where type='post' and createTime < (select createTime from post where id='7') order by createTime desc limit 1
DEBUG 2016/11/14 01:15:54 DEBUG getOptionValue:139 - ==>  Preparing: select value from options where id = ? 
DEBUG 2016/11/14 01:15:54 DEBUG getOptionValue:139 - ==> Parameters: keywords(String)
DEBUG 2016/11/14 01:15:55 DEBUG getOptionValue:139 - <==      Total: 0
DEBUG 2016/11/14 01:15:55 DEBUG PerformanceInterceptor:57 - use time->300 ms - id:com.itxiaoer.core.dal.mapper.OptionMapper.getOptionValue - sql:select value from options where id = 'keywords'
DEBUG 2016/11/14 01:15:55 DEBUG getOptionValue:139 - ==>  Preparing: select value from options where id = ? 
DEBUG 2016/11/14 01:15:55 DEBUG getOptionValue:139 - ==> Parameters: post_allowComment(String)
DEBUG 2016/11/14 01:15:55 DEBUG getOptionValue:139 - <==      Total: 0
DEBUG 2016/11/14 01:15:55 DEBUG PerformanceInterceptor:57 - use time->296 ms - id:com.itxiaoer.core.dal.mapper.OptionMapper.getOptionValue - sql:select value from options where id = 'post_allowComment'
DEBUG 2016/11/14 01:16:22 DEBUG LoginFilter:77 - logon-->/backend/posts/
DEBUG 2016/11/14 01:16:22 DEBUG list:139 - ==>  Preparing: select count(*) from ( select id from post p where p.type=? order by p.createTime desc ) _temp_ 
DEBUG 2016/11/14 01:16:22 DEBUG BeanPropertyUtils:37 - can't found field mappedStatement in class class org.apache.ibatis.executor.statement.PreparedStatementHandler
DEBUG 2016/11/14 01:16:23 DEBUG list:139 - ==> Parameters: post(String)
DEBUG 2016/11/14 01:16:23 DEBUG list:139 - ==>  Preparing: select id from post p where p.type=? order by p.createTime desc limit 0,15 
DEBUG 2016/11/14 01:16:23 DEBUG list:139 - ==> Parameters: post(String)
DEBUG 2016/11/14 01:16:23 DEBUG list:139 - <==      Total: 3
DEBUG 2016/11/14 01:16:23 DEBUG PerformanceInterceptor:57 - use time->735 ms - id:com.itxiaoer.core.dal.mapper.PostMapper.list - sql:select id from post p where p.type='post' order by p.createTime desc
DEBUG 2016/11/14 01:16:23 DEBUG list:139 - ==>  Preparing: select id, name, level,visible from view_category 
DEBUG 2016/11/14 01:16:23 DEBUG list:139 - ==> Parameters: 
DEBUG 2016/11/14 01:16:23 DEBUG list:139 - <==      Total: 2
DEBUG 2016/11/14 01:16:23 DEBUG PerformanceInterceptor:57 - use time->299 ms - id:com.itxiaoer.core.dal.mapper.CategoryMapper.list - sql:select id, name, level,visible from view_category
DEBUG 2016/11/14 01:16:32 DEBUG LoginFilter:77 - logon-->/backend/posts/8
DEBUG 2016/11/14 01:16:32 DEBUG listByPostid:139 - ==>  Preparing: select id, path from upload m where postid=? 
DEBUG 2016/11/14 01:16:32 DEBUG listByPostid:139 - ==> Parameters: 8(String)
DEBUG 2016/11/14 01:16:32 DEBUG listByPostid:139 - <==      Total: 0
DEBUG 2016/11/14 01:16:32 DEBUG PerformanceInterceptor:57 - use time->296 ms - id:com.itxiaoer.core.dal.mapper.UploadMapper.listByPostid - sql:select id, path from upload m where postid='8'
DEBUG 2016/11/14 01:16:32 DEBUG deleteByPostid:139 - ==>  Preparing: delete from upload where postid = ? 
DEBUG 2016/11/14 01:16:32 DEBUG deleteByPostid:139 - ==> Parameters: 8(String)
DEBUG 2016/11/14 01:16:33 DEBUG deleteByPostid:139 - <==    Updates: 0
DEBUG 2016/11/14 01:16:33 DEBUG PerformanceInterceptor:57 - use time->301 ms - id:com.itxiaoer.core.dal.mapper.UploadMapper.deleteByPostid - sql:delete from upload where postid = '8'
DEBUG 2016/11/14 01:16:33 DEBUG deleteById:139 - ==>  Preparing: delete from post where id = ? 
DEBUG 2016/11/14 01:16:33 DEBUG deleteById:139 - ==> Parameters: 8(String)
DEBUG 2016/11/14 01:16:33 DEBUG deleteById:139 - <==    Updates: 1
DEBUG 2016/11/14 01:16:33 DEBUG PerformanceInterceptor:57 - use time->296 ms - id:com.itxiaoer.core.dal.mapper.PostMapper.deleteById - sql:delete from post where id = '8'
DEBUG 2016/11/14 01:16:34 DEBUG listRecent:139 - ==>  Preparing: select id from post where type='post' order by createTime desc limit ? 
DEBUG 2016/11/14 01:16:34 DEBUG listRecent:139 - ==> Parameters: 10(Integer)
DEBUG 2016/11/14 01:16:34 DEBUG listRecent:139 - <==      Total: 2
DEBUG 2016/11/14 01:16:34 DEBUG PerformanceInterceptor:57 - use time->298 ms - id:com.itxiaoer.core.dal.mapper.PostMapper.listRecent - sql:select id from post where type='post' order by createTime desc limit 10
DEBUG 2016/11/14 01:16:34 DEBUG cache:45 - Couldn't find template in cache for "recent.html"("zh_CN", UTF-8, parsed); will try to load it.
DEBUG 2016/11/14 01:16:34 DEBUG cache:45 - TemplateLoader.findTemplateSource("recent_zh_CN.html"): Not found
DEBUG 2016/11/14 01:16:34 DEBUG cache:45 - TemplateLoader.findTemplateSource("recent_zh.html"): Not found
DEBUG 2016/11/14 01:16:34 DEBUG cache:45 - TemplateLoader.findTemplateSource("recent.html"): Found
DEBUG 2016/11/14 01:16:34 DEBUG cache:45 - Loading template for "recent.html"("zh_CN", UTF-8, parsed) from "D:\\SSH\\git\\xiaoer\\itxiaoer\\target\\classes\\com\\itxiaoer\\service\\freemarker\\ftl\\recent.html"
INFO 2016/11/14 01:16:34  INFO StaticTemplate:138 - staticRecent
DEBUG 2016/11/14 01:16:34 DEBUG list:139 - ==>  Preparing: select name, count(*) as count from tag group by name order by createTime desc 
DEBUG 2016/11/14 01:16:34 DEBUG list:139 - ==> Parameters: 
DEBUG 2016/11/14 01:16:34 DEBUG list:139 - <==      Total: 1
DEBUG 2016/11/14 01:16:34 DEBUG PerformanceInterceptor:57 - use time->297 ms - id:com.itxiaoer.core.dal.mapper.TagMapper.list - sql:select name, count(*) as count from tag group by name order by createTime desc
DEBUG 2016/11/14 01:16:34 DEBUG cache:45 - Couldn't find template in cache for "tagcloud.html"("zh_CN", UTF-8, parsed); will try to load it.
DEBUG 2016/11/14 01:16:34 DEBUG cache:45 - TemplateLoader.findTemplateSource("tagcloud_zh_CN.html"): Not found
DEBUG 2016/11/14 01:16:34 DEBUG cache:45 - TemplateLoader.findTemplateSource("tagcloud_zh.html"): Not found
DEBUG 2016/11/14 01:16:34 DEBUG cache:45 - TemplateLoader.findTemplateSource("tagcloud.html"): Found
DEBUG 2016/11/14 01:16:34 DEBUG cache:45 - Loading template for "tagcloud.html"("zh_CN", UTF-8, parsed) from "D:\\SSH\\git\\xiaoer\\itxiaoer\\target\\classes\\com\\itxiaoer\\service\\freemarker\\ftl\\tagcloud.html"
INFO 2016/11/14 01:16:34  INFO StaticTemplate:85 - staticCloudTags
DEBUG 2016/11/14 01:16:34 DEBUG listArchive:139 - ==>  Preparing: select createTime ,count(*) as count from post where type='post' group by date_format(createTime,'%Y%m') order by createTime desc 
DEBUG 2016/11/14 01:16:34 DEBUG listArchive:139 - ==> Parameters: 
DEBUG 2016/11/14 01:16:34 DEBUG listArchive:139 - <==      Total: 1
DEBUG 2016/11/14 01:16:34 DEBUG PerformanceInterceptor:57 - use time->299 ms - id:com.itxiaoer.core.dal.mapper.PostMapper.listArchive - sql:select createTime ,count(*) as count from post where type='post' group by date_format(createTime,'%Y%m') order by createTime desc
DEBUG 2016/11/14 01:16:34 DEBUG cache:45 - Couldn't find template in cache for "archive.html"("zh_CN", UTF-8, parsed); will try to load it.
DEBUG 2016/11/14 01:16:34 DEBUG cache:45 - TemplateLoader.findTemplateSource("archive_zh_CN.html"): Not found
DEBUG 2016/11/14 01:16:34 DEBUG cache:45 - TemplateLoader.findTemplateSource("archive_zh.html"): Not found
DEBUG 2016/11/14 01:16:34 DEBUG cache:45 - TemplateLoader.findTemplateSource("archive.html"): Found
DEBUG 2016/11/14 01:16:34 DEBUG cache:45 - Loading template for "archive.html"("zh_CN", UTF-8, parsed) from "D:\\SSH\\git\\xiaoer\\itxiaoer\\target\\classes\\com\\itxiaoer\\service\\freemarker\\ftl\\archive.html"
INFO 2016/11/14 01:16:34  INFO StaticTemplate:99 - staticArchive
DEBUG 2016/11/14 01:16:35 DEBUG LoginFilter:77 - logon-->/backend/posts/
DEBUG 2016/11/14 01:16:35 DEBUG list:139 - ==>  Preparing: select count(*) from ( select id from post p where p.type=? order by p.createTime desc ) _temp_ 
DEBUG 2016/11/14 01:16:35 DEBUG BeanPropertyUtils:37 - can't found field mappedStatement in class class org.apache.ibatis.executor.statement.PreparedStatementHandler
DEBUG 2016/11/14 01:16:35 DEBUG list:139 - ==> Parameters: post(String)
DEBUG 2016/11/14 01:16:35 DEBUG list:139 - ==>  Preparing: select id from post p where p.type=? order by p.createTime desc limit 0,15 
DEBUG 2016/11/14 01:16:35 DEBUG list:139 - ==> Parameters: post(String)
DEBUG 2016/11/14 01:16:35 DEBUG list:139 - <==      Total: 2
DEBUG 2016/11/14 01:16:35 DEBUG PerformanceInterceptor:57 - use time->597 ms - id:com.itxiaoer.core.dal.mapper.PostMapper.list - sql:select id from post p where p.type='post' order by p.createTime desc
DEBUG 2016/11/14 01:16:35 DEBUG list:139 - ==>  Preparing: select id, name, level,visible from view_category 
DEBUG 2016/11/14 01:16:35 DEBUG list:139 - ==> Parameters: 
DEBUG 2016/11/14 01:16:35 DEBUG list:139 - <==      Total: 2
DEBUG 2016/11/14 01:16:35 DEBUG PerformanceInterceptor:57 - use time->298 ms - id:com.itxiaoer.core.dal.mapper.CategoryMapper.list - sql:select id, name, level,visible from view_category
DEBUG 2016/11/14 01:16:37 DEBUG LoginFilter:77 - logon-->/backend/posts/8
DEBUG 2016/11/14 01:16:37 DEBUG listByPostid:139 - ==>  Preparing: select id, path from upload m where postid=? 
DEBUG 2016/11/14 01:16:37 DEBUG listByPostid:139 - ==> Parameters: 8(String)
DEBUG 2016/11/14 01:16:37 DEBUG listByPostid:139 - <==      Total: 0
DEBUG 2016/11/14 01:16:37 DEBUG PerformanceInterceptor:57 - use time->296 ms - id:com.itxiaoer.core.dal.mapper.UploadMapper.listByPostid - sql:select id, path from upload m where postid='8'
DEBUG 2016/11/14 01:16:37 DEBUG deleteByPostid:139 - ==>  Preparing: delete from upload where postid = ? 
DEBUG 2016/11/14 01:16:37 DEBUG deleteByPostid:139 - ==> Parameters: 8(String)
DEBUG 2016/11/14 01:16:37 DEBUG deleteByPostid:139 - <==    Updates: 0
DEBUG 2016/11/14 01:16:37 DEBUG PerformanceInterceptor:57 - use time->297 ms - id:com.itxiaoer.core.dal.mapper.UploadMapper.deleteByPostid - sql:delete from upload where postid = '8'
DEBUG 2016/11/14 01:16:37 DEBUG deleteById:139 - ==>  Preparing: delete from post where id = ? 
DEBUG 2016/11/14 01:16:37 DEBUG deleteById:139 - ==> Parameters: 8(String)
DEBUG 2016/11/14 01:16:38 DEBUG deleteById:139 - <==    Updates: 0
DEBUG 2016/11/14 01:16:38 DEBUG PerformanceInterceptor:57 - use time->297 ms - id:com.itxiaoer.core.dal.mapper.PostMapper.deleteById - sql:delete from post where id = '8'
DEBUG 2016/11/14 01:16:38 DEBUG listRecent:139 - ==>  Preparing: select id from post where type='post' order by createTime desc limit ? 
DEBUG 2016/11/14 01:16:38 DEBUG listRecent:139 - ==> Parameters: 10(Integer)
DEBUG 2016/11/14 01:16:39 DEBUG listRecent:139 - <==      Total: 2
DEBUG 2016/11/14 01:16:39 DEBUG PerformanceInterceptor:57 - use time->298 ms - id:com.itxiaoer.core.dal.mapper.PostMapper.listRecent - sql:select id from post where type='post' order by createTime desc limit 10
DEBUG 2016/11/14 01:16:39 DEBUG cache:45 - Couldn't find template in cache for "recent.html"("zh_CN", UTF-8, parsed); will try to load it.
DEBUG 2016/11/14 01:16:39 DEBUG cache:45 - TemplateLoader.findTemplateSource("recent_zh_CN.html"): Not found
DEBUG 2016/11/14 01:16:39 DEBUG cache:45 - TemplateLoader.findTemplateSource("recent_zh.html"): Not found
DEBUG 2016/11/14 01:16:39 DEBUG cache:45 - TemplateLoader.findTemplateSource("recent.html"): Found
DEBUG 2016/11/14 01:16:39 DEBUG cache:45 - Loading template for "recent.html"("zh_CN", UTF-8, parsed) from "D:\\SSH\\git\\xiaoer\\itxiaoer\\target\\classes\\com\\itxiaoer\\service\\freemarker\\ftl\\recent.html"
INFO 2016/11/14 01:16:39  INFO StaticTemplate:138 - staticRecent
DEBUG 2016/11/14 01:16:39 DEBUG list:139 - ==>  Preparing: select name, count(*) as count from tag group by name order by createTime desc 
DEBUG 2016/11/14 01:16:39 DEBUG list:139 - ==> Parameters: 
DEBUG 2016/11/14 01:16:39 DEBUG list:139 - <==      Total: 1
DEBUG 2016/11/14 01:16:39 DEBUG PerformanceInterceptor:57 - use time->299 ms - id:com.itxiaoer.core.dal.mapper.TagMapper.list - sql:select name, count(*) as count from tag group by name order by createTime desc
DEBUG 2016/11/14 01:16:39 DEBUG cache:45 - Couldn't find template in cache for "tagcloud.html"("zh_CN", UTF-8, parsed); will try to load it.
DEBUG 2016/11/14 01:16:39 DEBUG cache:45 - TemplateLoader.findTemplateSource("tagcloud_zh_CN.html"): Not found
DEBUG 2016/11/14 01:16:39 DEBUG cache:45 - TemplateLoader.findTemplateSource("tagcloud_zh.html"): Not found
DEBUG 2016/11/14 01:16:39 DEBUG cache:45 - TemplateLoader.findTemplateSource("tagcloud.html"): Found
DEBUG 2016/11/14 01:16:39 DEBUG cache:45 - Loading template for "tagcloud.html"("zh_CN", UTF-8, parsed) from "D:\\SSH\\git\\xiaoer\\itxiaoer\\target\\classes\\com\\itxiaoer\\service\\freemarker\\ftl\\tagcloud.html"
INFO 2016/11/14 01:16:39  INFO StaticTemplate:85 - staticCloudTags
DEBUG 2016/11/14 01:16:39 DEBUG listArchive:139 - ==>  Preparing: select createTime ,count(*) as count from post where type='post' group by date_format(createTime,'%Y%m') order by createTime desc 
DEBUG 2016/11/14 01:16:39 DEBUG listArchive:139 - ==> Parameters: 
DEBUG 2016/11/14 01:16:39 DEBUG listArchive:139 - <==      Total: 1
DEBUG 2016/11/14 01:16:39 DEBUG PerformanceInterceptor:57 - use time->299 ms - id:com.itxiaoer.core.dal.mapper.PostMapper.listArchive - sql:select createTime ,count(*) as count from post where type='post' group by date_format(createTime,'%Y%m') order by createTime desc
DEBUG 2016/11/14 01:16:39 DEBUG cache:45 - Couldn't find template in cache for "archive.html"("zh_CN", UTF-8, parsed); will try to load it.
DEBUG 2016/11/14 01:16:39 DEBUG cache:45 - TemplateLoader.findTemplateSource("archive_zh_CN.html"): Not found
DEBUG 2016/11/14 01:16:39 DEBUG cache:45 - TemplateLoader.findTemplateSource("archive_zh.html"): Not found
DEBUG 2016/11/14 01:16:39 DEBUG cache:45 - TemplateLoader.findTemplateSource("archive.html"): Found
DEBUG 2016/11/14 01:16:39 DEBUG cache:45 - Loading template for "archive.html"("zh_CN", UTF-8, parsed) from "D:\\SSH\\git\\xiaoer\\itxiaoer\\target\\classes\\com\\itxiaoer\\service\\freemarker\\ftl\\archive.html"
INFO 2016/11/14 01:16:39  INFO StaticTemplate:99 - staticArchive
DEBUG 2016/11/14 01:16:40 DEBUG LoginFilter:77 - logon-->/backend/posts/
DEBUG 2016/11/14 01:16:40 DEBUG list:139 - ==>  Preparing: select count(*) from ( select id from post p where p.type=? order by p.createTime desc ) _temp_ 
DEBUG 2016/11/14 01:16:40 DEBUG BeanPropertyUtils:37 - can't found field mappedStatement in class class org.apache.ibatis.executor.statement.PreparedStatementHandler
DEBUG 2016/11/14 01:16:40 DEBUG list:139 - ==> Parameters: post(String)
DEBUG 2016/11/14 01:16:40 DEBUG list:139 - ==>  Preparing: select id from post p where p.type=? order by p.createTime desc limit 0,15 
DEBUG 2016/11/14 01:16:40 DEBUG list:139 - ==> Parameters: post(String)
DEBUG 2016/11/14 01:16:41 DEBUG list:139 - <==      Total: 2
DEBUG 2016/11/14 01:16:41 DEBUG PerformanceInterceptor:57 - use time->597 ms - id:com.itxiaoer.core.dal.mapper.PostMapper.list - sql:select id from post p where p.type='post' order by p.createTime desc
DEBUG 2016/11/14 01:16:41 DEBUG list:139 - ==>  Preparing: select id, name, level,visible from view_category 
DEBUG 2016/11/14 01:16:41 DEBUG list:139 - ==> Parameters: 
DEBUG 2016/11/14 01:16:41 DEBUG list:139 - <==      Total: 2
DEBUG 2016/11/14 01:16:41 DEBUG PerformanceInterceptor:57 - use time->301 ms - id:com.itxiaoer.core.dal.mapper.CategoryMapper.list - sql:select id, name, level,visible from view_category
DEBUG 2016/11/14 01:16:45 DEBUG LoginFilter:77 - logon-->/
DEBUG 2016/11/14 01:16:45 DEBUG list:139 - ==>  Preparing: select count(*) from ( select id from post p where p.type=? order by p.createTime desc ) _temp_ 
DEBUG 2016/11/14 01:16:45 DEBUG BeanPropertyUtils:37 - can't found field mappedStatement in class class org.apache.ibatis.executor.statement.PreparedStatementHandler
DEBUG 2016/11/14 01:16:45 DEBUG list:139 - ==> Parameters: post(String)
DEBUG 2016/11/14 01:16:45 DEBUG list:139 - ==>  Preparing: select id from post p where p.type=? order by p.createTime desc limit 0,10 
DEBUG 2016/11/14 01:16:45 DEBUG list:139 - ==> Parameters: post(String)
DEBUG 2016/11/14 01:16:45 DEBUG list:139 - <==      Total: 2
DEBUG 2016/11/14 01:16:45 DEBUG PerformanceInterceptor:57 - use time->626 ms - id:com.itxiaoer.core.dal.mapper.PostMapper.list - sql:select id from post p where p.type='post' order by p.createTime desc
DEBUG 2016/11/14 01:18:44 DEBUG LoginFilter:77 - logon-->/
DEBUG 2016/11/14 01:18:44 DEBUG list:139 - ==>  Preparing: select count(*) from ( select id from post p where p.type=? order by p.createTime desc ) _temp_ 
DEBUG 2016/11/14 01:18:44 DEBUG BeanPropertyUtils:37 - can't found field mappedStatement in class class org.apache.ibatis.executor.statement.PreparedStatementHandler
DEBUG 2016/11/14 01:18:44 DEBUG list:139 - ==> Parameters: post(String)
DEBUG 2016/11/14 01:18:44 DEBUG list:139 - ==>  Preparing: select id from post p where p.type=? order by p.createTime desc limit 0,10 
DEBUG 2016/11/14 01:18:44 DEBUG list:139 - ==> Parameters: post(String)
DEBUG 2016/11/14 01:18:44 DEBUG list:139 - <==      Total: 2
DEBUG 2016/11/14 01:18:44 DEBUG PerformanceInterceptor:57 - use time->604 ms - id:com.itxiaoer.core.dal.mapper.PostMapper.list - sql:select id from post p where p.type='post' order by p.createTime desc
DEBUG 2016/11/14 01:18:59 DEBUG LogFactory:128 - Logging initialized using 'class org.apache.ibatis.logging.slf4j.Slf4jImpl' adapter.
DEBUG 2016/11/14 01:19:01 DEBUG LoginFilter:177 - Initializing filter 'LoginFilter'
DEBUG 2016/11/14 01:19:01 DEBUG LoginFilter:202 - Filter 'LoginFilter' configured successfully
DEBUG 2016/11/14 01:19:01 DEBUG XssFilter:177 - Initializing filter 'XssFilter'
DEBUG 2016/11/14 01:19:01 DEBUG XssFilter:202 - Filter 'XssFilter' configured successfully
DEBUG 2016/11/14 01:19:01 DEBUG StatelessCsrfFilter:177 - Initializing filter 'StatelessCsrfFilter'
DEBUG 2016/11/14 01:19:01 DEBUG StatelessCsrfFilter:202 - Filter 'StatelessCsrfFilter' configured successfully
DEBUG 2016/11/14 01:20:11 DEBUG loadById:139 - ==>  Preparing: select id, nickName, realName, password, email, role, status, createTime, creator, lastUpdate from user where id = ? 
DEBUG 2016/11/14 01:20:11 DEBUG loadById:139 - ==> Parameters: uHHi9gvg81UXn4PLlLE(String)
DEBUG 2016/11/14 01:20:11 DEBUG loadById:139 - <==      Total: 1
DEBUG 2016/11/14 01:20:11 DEBUG PerformanceInterceptor:57 - use time->7453 ms - id:com.itxiaoer.core.dal.mapper.UserMapper.loadById - sql:select id, nickName, realName, password, email, role, status, createTime, creator, lastUpdate from user where id = 'uHHi9gvg81UXn4PLlLE'
DEBUG 2016/11/14 01:20:11 DEBUG list:139 - ==>  Preparing: select count(*) from ( select id from post p where p.type=? order by p.createTime desc ) _temp_ 
DEBUG 2016/11/14 01:20:11 DEBUG BeanPropertyUtils:37 - can't found field mappedStatement in class class org.apache.ibatis.executor.statement.PreparedStatementHandler
DEBUG 2016/11/14 01:20:11 DEBUG list:139 - ==> Parameters: post(String)
DEBUG 2016/11/14 01:20:12 DEBUG list:139 - ==>  Preparing: select id from post p where p.type=? order by p.createTime desc limit 0,10 
DEBUG 2016/11/14 01:20:12 DEBUG list:139 - ==> Parameters: post(String)
DEBUG 2016/11/14 01:20:12 DEBUG list:139 - <==      Total: 2
DEBUG 2016/11/14 01:20:12 DEBUG PerformanceInterceptor:57 - use time->622 ms - id:com.itxiaoer.core.dal.mapper.PostMapper.list - sql:select id from post p where p.type='post' order by p.createTime desc
DEBUG 2016/11/14 01:20:12 DEBUG loadById:139 - ==>  Preparing: select * from post where id = ? 
DEBUG 2016/11/14 01:20:12 DEBUG loadById:139 - ==> Parameters: 7(String)
DEBUG 2016/11/14 01:20:12 DEBUG loadById:139 - <==      Total: 1
DEBUG 2016/11/14 01:20:12 DEBUG PerformanceInterceptor:57 - use time->332 ms - id:com.itxiaoer.core.dal.mapper.PostMapper.loadById - sql:select * from post where id = '7'
DEBUG 2016/11/14 01:20:12 DEBUG loadById:139 - ==>  Preparing: select id, name, visible from category where id = ? 
DEBUG 2016/11/14 01:20:12 DEBUG loadById:139 - ==> Parameters: JU1cVyskKmznHj0uTwF(String)
DEBUG 2016/11/14 01:20:13 DEBUG loadById:139 - <==      Total: 1
DEBUG 2016/11/14 01:20:13 DEBUG PerformanceInterceptor:57 - use time->323 ms - id:com.itxiaoer.core.dal.mapper.CategoryMapper.loadById - sql:select id, name, visible from category where id = 'JU1cVyskKmznHj0uTwF'
DEBUG 2016/11/14 01:20:13 DEBUG getTagsByPost:139 - ==>  Preparing: select name from tag where postid=? 
DEBUG 2016/11/14 01:20:13 DEBUG getTagsByPost:139 - ==> Parameters: 7(String)
DEBUG 2016/11/14 01:20:13 DEBUG getTagsByPost:139 - <==      Total: 1
DEBUG 2016/11/14 01:20:13 DEBUG PerformanceInterceptor:57 - use time->301 ms - id:com.itxiaoer.core.dal.mapper.TagMapper.getTagsByPost - sql:select name from tag where postid='7'
DEBUG 2016/11/14 01:20:13 DEBUG loadById:139 - ==>  Preparing: select * from post where id = ? 
DEBUG 2016/11/14 01:20:13 DEBUG loadById:139 - ==> Parameters: 6(String)
DEBUG 2016/11/14 01:20:13 DEBUG loadById:139 - <==      Total: 1
DEBUG 2016/11/14 01:20:13 DEBUG PerformanceInterceptor:57 - use time->302 ms - id:com.itxiaoer.core.dal.mapper.PostMapper.loadById - sql:select * from post where id = '6'
DEBUG 2016/11/14 01:20:13 DEBUG getTagsByPost:139 - ==>  Preparing: select name from tag where postid=? 
DEBUG 2016/11/14 01:20:13 DEBUG getTagsByPost:139 - ==> Parameters: 6(String)
DEBUG 2016/11/14 01:20:14 DEBUG getTagsByPost:139 - <==      Total: 0
DEBUG 2016/11/14 01:20:14 DEBUG PerformanceInterceptor:57 - use time->311 ms - id:com.itxiaoer.core.dal.mapper.TagMapper.getTagsByPost - sql:select name from tag where postid='6'
DEBUG 2016/11/14 01:24:01 DEBUG list:139 - ==>  Preparing: select count(*) from ( select id from post p where p.type=? order by p.createTime desc ) _temp_ 
DEBUG 2016/11/14 01:24:01 DEBUG BeanPropertyUtils:37 - can't found field mappedStatement in class class org.apache.ibatis.executor.statement.PreparedStatementHandler
DEBUG 2016/11/14 01:24:01 DEBUG list:139 - ==> Parameters: post(String)
DEBUG 2016/11/14 01:24:01 DEBUG list:139 - ==>  Preparing: select id from post p where p.type=? order by p.createTime desc limit 0,10 
DEBUG 2016/11/14 01:24:01 DEBUG list:139 - ==> Parameters: post(String)
DEBUG 2016/11/14 01:24:02 DEBUG list:139 - <==      Total: 2
DEBUG 2016/11/14 01:24:02 DEBUG PerformanceInterceptor:57 - use time->625 ms - id:com.itxiaoer.core.dal.mapper.PostMapper.list - sql:select id from post p where p.type='post' order by p.createTime desc
DEBUG 2016/11/14 01:24:10 DEBUG listByPost:139 - ==>  Preparing: select id, content, creator, url, status, parent, createTime from comment c where postid=? and (status='approve' or creator=? ) order by c.createTime desc 
DEBUG 2016/11/14 01:24:10 DEBUG listByPost:139 - ==> Parameters: 7(String), admin(String)
DEBUG 2016/11/14 01:24:10 DEBUG listByPost:139 - <==      Total: 0
DEBUG 2016/11/14 01:24:10 DEBUG PerformanceInterceptor:57 - use time->296 ms - id:com.itxiaoer.core.dal.mapper.CommentMapper.listByPost - sql:select id, content, creator, url, status, parent, createTime from comment c where postid='7' and (status='approve' or creator='admin' ) order by c.createTime desc
DEBUG 2016/11/14 01:24:10 DEBUG getNextPost:139 - ==>  Preparing: select id,title from post where type='post' and createTime > (select createTime from post where id=?) limit 1 
DEBUG 2016/11/14 01:24:10 DEBUG getNextPost:139 - ==> Parameters: 7(String)
DEBUG 2016/11/14 01:24:11 DEBUG getNextPost:139 - <==      Total: 0
DEBUG 2016/11/14 01:24:11 DEBUG PerformanceInterceptor:57 - use time->277 ms - id:com.itxiaoer.core.dal.mapper.PostMapper.getNextPost - sql:select id,title from post where type='post' and createTime > (select createTime from post where id='7') limit 1
DEBUG 2016/11/14 01:24:11 DEBUG getPrevPost:139 - ==>  Preparing: select id,title from post where type='post' and createTime < (select createTime from post where id=?) order by createTime desc limit 1 
DEBUG 2016/11/14 01:24:11 DEBUG getPrevPost:139 - ==> Parameters: 7(String)
DEBUG 2016/11/14 01:24:11 DEBUG getPrevPost:139 - <==      Total: 1
DEBUG 2016/11/14 01:24:11 DEBUG PerformanceInterceptor:57 - use time->298 ms - id:com.itxiaoer.core.dal.mapper.PostMapper.getPrevPost - sql:select id,title from post where type='post' and createTime < (select createTime from post where id='7') order by createTime desc limit 1
DEBUG 2016/11/14 01:24:11 DEBUG getOptionValue:139 - ==>  Preparing: select value from options where id = ? 
DEBUG 2016/11/14 01:24:11 DEBUG getOptionValue:139 - ==> Parameters: description(String)
DEBUG 2016/11/14 01:24:12 DEBUG getOptionValue:139 - <==      Total: 1
DEBUG 2016/11/14 01:24:12 DEBUG PerformanceInterceptor:57 - use time->318 ms - id:com.itxiaoer.core.dal.mapper.OptionMapper.getOptionValue - sql:select value from options where id = 'description'
DEBUG 2016/11/14 01:24:12 DEBUG getOptionValue:139 - ==>  Preparing: select value from options where id = ? 
DEBUG 2016/11/14 01:24:12 DEBUG getOptionValue:139 - ==> Parameters: keywords(String)
DEBUG 2016/11/14 01:24:12 DEBUG getOptionValue:139 - <==      Total: 0
DEBUG 2016/11/14 01:24:12 DEBUG PerformanceInterceptor:57 - use time->327 ms - id:com.itxiaoer.core.dal.mapper.OptionMapper.getOptionValue - sql:select value from options where id = 'keywords'
DEBUG 2016/11/14 01:24:12 DEBUG getOptionValue:139 - ==>  Preparing: select value from options where id = ? 
DEBUG 2016/11/14 01:24:12 DEBUG getOptionValue:139 - ==> Parameters: title(String)
DEBUG 2016/11/14 01:24:12 DEBUG getOptionValue:139 - <==      Total: 1
DEBUG 2016/11/14 01:24:12 DEBUG PerformanceInterceptor:57 - use time->322 ms - id:com.itxiaoer.core.dal.mapper.OptionMapper.getOptionValue - sql:select value from options where id = 'title'
DEBUG 2016/11/14 01:24:12 DEBUG getOptionValue:139 - ==>  Preparing: select value from options where id = ? 
DEBUG 2016/11/14 01:24:12 DEBUG getOptionValue:139 - ==> Parameters: post_allowComment(String)
DEBUG 2016/11/14 01:24:13 DEBUG getOptionValue:139 - <==      Total: 0
DEBUG 2016/11/14 01:24:13 DEBUG PerformanceInterceptor:57 - use time->317 ms - id:com.itxiaoer.core.dal.mapper.OptionMapper.getOptionValue - sql:select value from options where id = 'post_allowComment'
DEBUG 2016/11/14 01:24:24 DEBUG listByPost:139 - ==>  Preparing: select id, content, creator, url, status, parent, createTime from comment c where postid=? and (status='approve' or creator=? ) order by c.createTime desc 
DEBUG 2016/11/14 01:24:24 DEBUG listByPost:139 - ==> Parameters: 6(String), admin(String)
DEBUG 2016/11/14 01:24:25 DEBUG listByPost:139 - <==      Total: 0
DEBUG 2016/11/14 01:24:25 DEBUG PerformanceInterceptor:57 - use time->321 ms - id:com.itxiaoer.core.dal.mapper.CommentMapper.listByPost - sql:select id, content, creator, url, status, parent, createTime from comment c where postid='6' and (status='approve' or creator='admin' ) order by c.createTime desc
DEBUG 2016/11/14 01:24:25 DEBUG getNextPost:139 - ==>  Preparing: select id,title from post where type='post' and createTime > (select createTime from post where id=?) limit 1 
DEBUG 2016/11/14 01:24:25 DEBUG getNextPost:139 - ==> Parameters: 6(String)
DEBUG 2016/11/14 01:24:25 DEBUG getNextPost:139 - <==      Total: 1
DEBUG 2016/11/14 01:24:25 DEBUG PerformanceInterceptor:57 - use time->324 ms - id:com.itxiaoer.core.dal.mapper.PostMapper.getNextPost - sql:select id,title from post where type='post' and createTime > (select createTime from post where id='6') limit 1
DEBUG 2016/11/14 01:24:25 DEBUG getPrevPost:139 - ==>  Preparing: select id,title from post where type='post' and createTime < (select createTime from post where id=?) order by createTime desc limit 1 
DEBUG 2016/11/14 01:24:25 DEBUG getPrevPost:139 - ==> Parameters: 6(String)
DEBUG 2016/11/14 01:24:25 DEBUG getPrevPost:139 - <==      Total: 0
DEBUG 2016/11/14 01:24:25 DEBUG PerformanceInterceptor:57 - use time->320 ms - id:com.itxiaoer.core.dal.mapper.PostMapper.getPrevPost - sql:select id,title from post where type='post' and createTime < (select createTime from post where id='6') order by createTime desc limit 1
DEBUG 2016/11/14 01:24:25 DEBUG getOptionValue:139 - ==>  Preparing: select value from options where id = ? 
DEBUG 2016/11/14 01:24:25 DEBUG getOptionValue:139 - ==> Parameters: keywords(String)
DEBUG 2016/11/14 01:24:26 DEBUG getOptionValue:139 - <==      Total: 0
DEBUG 2016/11/14 01:24:26 DEBUG PerformanceInterceptor:57 - use time->312 ms - id:com.itxiaoer.core.dal.mapper.OptionMapper.getOptionValue - sql:select value from options where id = 'keywords'
DEBUG 2016/11/14 01:24:26 DEBUG getOptionValue:139 - ==>  Preparing: select value from options where id = ? 
DEBUG 2016/11/14 01:24:26 DEBUG getOptionValue:139 - ==> Parameters: post_allowComment(String)
DEBUG 2016/11/14 01:24:26 DEBUG getOptionValue:139 - <==      Total: 0
DEBUG 2016/11/14 01:24:26 DEBUG PerformanceInterceptor:57 - use time->320 ms - id:com.itxiaoer.core.dal.mapper.OptionMapper.getOptionValue - sql:select value from options where id = 'post_allowComment'
DEBUG 2016/11/14 01:24:36 DEBUG loadByName:139 - ==>  Preparing: select id, name,leftv, rightv, visible from category where name = ? 
DEBUG 2016/11/14 01:24:36 DEBUG loadByName:139 - ==> Parameters: 测试(String)
DEBUG 2016/11/14 01:24:36 DEBUG loadByName:139 - <==      Total: 1
DEBUG 2016/11/14 01:24:36 DEBUG PerformanceInterceptor:57 - use time->354 ms - id:com.itxiaoer.core.dal.mapper.CategoryMapper.loadByName - sql:select id, name,leftv, rightv, visible from category where name = '测试'
DEBUG 2016/11/14 01:24:36 DEBUG listByCategory:139 - ==>  Preparing: select count(*) from ( select p.id from post p inner join category c on p.categoryid=c.id where p.type='post' and c.leftv>=? and c.rightv <= ? order by p.createTime desc ) _temp_ 
DEBUG 2016/11/14 01:24:36 DEBUG BeanPropertyUtils:37 - can't found field mappedStatement in class class org.apache.ibatis.executor.statement.PreparedStatementHandler
DEBUG 2016/11/14 01:24:36 DEBUG listByCategory:139 - ==> Parameters: 2(Integer), 3(Integer)
DEBUG 2016/11/14 01:24:36 DEBUG listByCategory:139 - ==>  Preparing: select p.id from post p inner join category c on p.categoryid=c.id where p.type='post' and c.leftv>=? and c.rightv <= ? order by p.createTime desc limit 0,10 
DEBUG 2016/11/14 01:24:36 DEBUG listByCategory:139 - ==> Parameters: 2(Integer), 3(Integer)
DEBUG 2016/11/14 01:24:37 DEBUG listByCategory:139 - <==      Total: 2
DEBUG 2016/11/14 01:24:37 DEBUG PerformanceInterceptor:57 - use time->816 ms - id:com.itxiaoer.core.dal.mapper.PostMapper.listByCategory - sql:select p.id from post p inner join category c on p.categoryid=c.id where p.type='post' and c.leftv>=2 and c.rightv <= 3 order by p.createTime desc
WARN 2016/11/14 01:24:37  WARN PageNotFound:1136 - No mapping found for HTTP request with URI [/categorys/static/bootstrap/css/common.css] in DispatcherServlet with name 'Zblog'
WARN 2016/11/14 01:24:37  WARN PageNotFound:1136 - No mapping found for HTTP request with URI [/categorys/static/js/hm.js] in DispatcherServlet with name 'Zblog'
WARN 2016/11/14 01:24:37  WARN PageNotFound:1136 - No mapping found for HTTP request with URI [/categorys/static/css/embed.default.css] in DispatcherServlet with name 'Zblog'
WARN 2016/11/14 01:24:37  WARN PageNotFound:1136 - No mapping found for HTTP request with URI [/categorys/static/js/jquery.min1.10.1.js] in DispatcherServlet with name 'Zblog'
WARN 2016/11/14 01:24:37  WARN PageNotFound:1136 - No mapping found for HTTP request with URI [/categorys/static/css/main.css] in DispatcherServlet with name 'Zblog'
WARN 2016/11/14 01:24:37  WARN PageNotFound:1136 - No mapping found for HTTP request with URI [/categorys/static/css/jquery.fancybox.css] in DispatcherServlet with name 'Zblog'
WARN 2016/11/14 01:24:37  WARN PageNotFound:1136 - No mapping found for HTTP request with URI [/categorys/static/bootstrap/js/bootstrap.min.js] in DispatcherServlet with name 'Zblog'
WARN 2016/11/14 01:24:37  WARN PageNotFound:1136 - No mapping found for HTTP request with URI [/categorys/static/js/hm.js] in DispatcherServlet with name 'Zblog'
WARN 2016/11/14 01:24:37  WARN PageNotFound:1136 - No mapping found for HTTP request with URI [/categorys/static/js/index.js] in DispatcherServlet with name 'Zblog'
WARN 2016/11/14 01:24:37  WARN PageNotFound:1136 - No mapping found for HTTP request with URI [/categorys/static/js/jquery.fancybox.pack.js] in DispatcherServlet with name 'Zblog'
WARN 2016/11/14 01:24:37  WARN PageNotFound:1136 - No mapping found for HTTP request with URI [/categorys/static/js/fancy-box.js] in DispatcherServlet with name 'Zblog'
WARN 2016/11/14 01:24:37  WARN PageNotFound:1136 - No mapping found for HTTP request with URI [/categorys/static/js/velocity.ui.min.js] in DispatcherServlet with name 'Zblog'
WARN 2016/11/14 01:24:37  WARN PageNotFound:1136 - No mapping found for HTTP request with URI [/categorys/static/js/motion_global.js] in DispatcherServlet with name 'Zblog'
WARN 2016/11/14 01:24:37  WARN PageNotFound:1136 - No mapping found for HTTP request with URI [/categorys/static/js/nav-toggle.js] in DispatcherServlet with name 'Zblog'
WARN 2016/11/14 01:24:37  WARN PageNotFound:1136 - No mapping found for HTTP request with URI [/categorys/static/js/velocity.min.js] in DispatcherServlet with name 'Zblog'
WARN 2016/11/14 01:24:37  WARN PageNotFound:1136 - No mapping found for HTTP request with URI [/categorys/static/js/helpers.js] in DispatcherServlet with name 'Zblog'
WARN 2016/11/14 01:24:37  WARN PageNotFound:1136 - No mapping found for HTTP request with URI [/categorys/static/js/fastclick.min.js] in DispatcherServlet with name 'Zblog'
WARN 2016/11/14 01:24:37  WARN PageNotFound:1136 - No mapping found for HTTP request with URI [/categorys/static/js/embed.js] in DispatcherServlet with name 'Zblog'
WARN 2016/11/14 01:24:37  WARN PageNotFound:1136 - No mapping found for HTTP request with URI [/categorys/static/js/lazyload.js] in DispatcherServlet with name 'Zblog'
WARN 2016/11/14 01:24:37  WARN PageNotFound:1136 - No mapping found for HTTP request with URI [/categorys/static/avatar.png] in DispatcherServlet with name 'Zblog'
WARN 2016/11/14 01:24:37  WARN PageNotFound:1136 - No mapping found for HTTP request with URI [/categorys/static/js/index.js] in DispatcherServlet with name 'Zblog'
WARN 2016/11/14 01:24:37  WARN PageNotFound:1136 - No mapping found for HTTP request with URI [/categorys/static/js/jquery.fancybox.pack.js] in DispatcherServlet with name 'Zblog'
WARN 2016/11/14 01:24:37  WARN PageNotFound:1136 - No mapping found for HTTP request with URI [/categorys/static/js/fancy-box.js] in DispatcherServlet with name 'Zblog'
WARN 2016/11/14 01:24:37  WARN PageNotFound:1136 - No mapping found for HTTP request with URI [/categorys/static/js/helpers.js] in DispatcherServlet with name 'Zblog'
WARN 2016/11/14 01:24:37  WARN PageNotFound:1136 - No mapping found for HTTP request with URI [/categorys/static/js/velocity.min.js] in DispatcherServlet with name 'Zblog'
WARN 2016/11/14 01:24:37  WARN PageNotFound:1136 - No mapping found for HTTP request with URI [/categorys/static/js/velocity.ui.min.js] in DispatcherServlet with name 'Zblog'
WARN 2016/11/14 01:24:37  WARN PageNotFound:1136 - No mapping found for HTTP request with URI [/categorys/static/js/motion_global.js] in DispatcherServlet with name 'Zblog'
WARN 2016/11/14 01:24:37  WARN PageNotFound:1136 - No mapping found for HTTP request with URI [/categorys/static/js/nav-toggle.js] in DispatcherServlet with name 'Zblog'
WARN 2016/11/14 01:24:37  WARN PageNotFound:1136 - No mapping found for HTTP request with URI [/categorys/static/js/fastclick.min.js] in DispatcherServlet with name 'Zblog'
WARN 2016/11/14 01:24:37  WARN PageNotFound:1136 - No mapping found for HTTP request with URI [/categorys/static/js/lazyload.js] in DispatcherServlet with name 'Zblog'
DEBUG 2016/11/14 01:25:17 DEBUG loadByNameAndPass:139 - ==>  Preparing: select id, nickName, realName, password, email, role, status, createTime, creator, lastUpdate from user where nickName = ? and password=md5(?) 
DEBUG 2016/11/14 01:25:17 DEBUG loadByNameAndPass:139 - ==> Parameters: admin(String), 123456(String)
DEBUG 2016/11/14 01:25:18 DEBUG loadByNameAndPass:139 - <==      Total: 1
DEBUG 2016/11/14 01:25:18 DEBUG PerformanceInterceptor:57 - use time->410 ms - id:com.itxiaoer.core.dal.mapper.UserMapper.loadByNameAndPass - sql:select id, nickName, realName, password, email, role, status, createTime, creator, lastUpdate from user where nickName = 'admin' and password=md5('123456')
DEBUG 2016/11/14 01:25:18 DEBUG LoginFilter:77 - logon-->/backend/index
DEBUG 2016/11/14 01:25:18 DEBUG count:139 - ==>  Preparing: select count(*) from user 
DEBUG 2016/11/14 01:25:18 DEBUG count:139 - ==> Parameters: 
DEBUG 2016/11/14 01:25:18 DEBUG count:139 - <==      Total: 1
DEBUG 2016/11/14 01:25:18 DEBUG PerformanceInterceptor:57 - use time->378 ms - id:com.itxiaoer.core.dal.mapper.UserMapper.count - sql:select count(*) from user
DEBUG 2016/11/14 01:25:18 DEBUG count:139 - ==>  Preparing: select count(*) from post 
DEBUG 2016/11/14 01:25:18 DEBUG count:139 - ==> Parameters: 
DEBUG 2016/11/14 01:25:18 DEBUG count:139 - <==      Total: 1
DEBUG 2016/11/14 01:25:18 DEBUG PerformanceInterceptor:57 - use time->407 ms - id:com.itxiaoer.core.dal.mapper.PostMapper.count - sql:select count(*) from post
DEBUG 2016/11/14 01:25:18 DEBUG count:139 - ==>  Preparing: select count(*) from comment 
DEBUG 2016/11/14 01:25:18 DEBUG count:139 - ==> Parameters: 
DEBUG 2016/11/14 01:25:19 DEBUG count:139 - <==      Total: 1
DEBUG 2016/11/14 01:25:19 DEBUG PerformanceInterceptor:57 - use time->321 ms - id:com.itxiaoer.core.dal.mapper.CommentMapper.count - sql:select count(*) from comment
DEBUG 2016/11/14 01:25:19 DEBUG count:139 - ==>  Preparing: select count(*) from upload 
DEBUG 2016/11/14 01:25:19 DEBUG count:139 - ==> Parameters: 
DEBUG 2016/11/14 01:25:19 DEBUG count:139 - <==      Total: 1
DEBUG 2016/11/14 01:25:19 DEBUG PerformanceInterceptor:57 - use time->312 ms - id:com.itxiaoer.core.dal.mapper.UploadMapper.count - sql:select count(*) from upload
DEBUG 2016/11/14 01:25:19 DEBUG listRecent:139 - ==>  Preparing: select id from post where type='post' order by createTime desc limit ? 
DEBUG 2016/11/14 01:25:19 DEBUG listRecent:139 - ==> Parameters: 10(Integer)
DEBUG 2016/11/14 01:25:19 DEBUG listRecent:139 - <==      Total: 2
DEBUG 2016/11/14 01:25:19 DEBUG PerformanceInterceptor:57 - use time->320 ms - id:com.itxiaoer.core.dal.mapper.PostMapper.listRecent - sql:select id from post where type='post' order by createTime desc limit 10
DEBUG 2016/11/14 01:25:19 DEBUG listRecent:139 - ==>  Preparing: select * from comment c order by c.createTime desc limit 10 
DEBUG 2016/11/14 01:25:19 DEBUG listRecent:139 - ==> Parameters: 
DEBUG 2016/11/14 01:25:20 DEBUG listRecent:139 - <==      Total: 0
DEBUG 2016/11/14 01:25:20 DEBUG PerformanceInterceptor:57 - use time->323 ms - id:com.itxiaoer.core.dal.mapper.CommentMapper.listRecent - sql:select * from comment c order by c.createTime desc limit 10
DEBUG 2016/11/14 01:25:38 DEBUG LoginFilter:77 - logon-->/backend/posts
DEBUG 2016/11/14 01:25:38 DEBUG list:139 - ==>  Preparing: select count(*) from ( select id from post p where p.type=? order by p.createTime desc ) _temp_ 
DEBUG 2016/11/14 01:25:38 DEBUG BeanPropertyUtils:37 - can't found field mappedStatement in class class org.apache.ibatis.executor.statement.PreparedStatementHandler
DEBUG 2016/11/14 01:25:38 DEBUG list:139 - ==> Parameters: post(String)
DEBUG 2016/11/14 01:25:39 DEBUG list:139 - ==>  Preparing: select id from post p where p.type=? order by p.createTime desc limit 0,15 
DEBUG 2016/11/14 01:25:39 DEBUG list:139 - ==> Parameters: post(String)
DEBUG 2016/11/14 01:25:39 DEBUG list:139 - <==      Total: 2
DEBUG 2016/11/14 01:25:39 DEBUG PerformanceInterceptor:57 - use time->1399 ms - id:com.itxiaoer.core.dal.mapper.PostMapper.list - sql:select id from post p where p.type='post' order by p.createTime desc
DEBUG 2016/11/14 01:25:39 DEBUG list:139 - ==>  Preparing: select id, name, level,visible from view_category 
DEBUG 2016/11/14 01:25:39 DEBUG list:139 - ==> Parameters: 
DEBUG 2016/11/14 01:25:39 DEBUG list:139 - <==      Total: 2
DEBUG 2016/11/14 01:25:39 DEBUG PerformanceInterceptor:57 - use time->403 ms - id:com.itxiaoer.core.dal.mapper.CategoryMapper.list - sql:select id, name, level,visible from view_category
DEBUG 2016/11/14 01:25:43 DEBUG LoginFilter:77 - logon-->/posts/7
DEBUG 2016/11/14 01:25:43 DEBUG listByPost:139 - ==>  Preparing: select id, content, creator, url, status, parent, createTime from comment c where postid=? and (status='approve' or creator=? ) order by c.createTime desc 
DEBUG 2016/11/14 01:25:43 DEBUG listByPost:139 - ==> Parameters: 7(String), admin(String)
DEBUG 2016/11/14 01:25:43 DEBUG listByPost:139 - <==      Total: 0
DEBUG 2016/11/14 01:25:43 DEBUG PerformanceInterceptor:57 - use time->358 ms - id:com.itxiaoer.core.dal.mapper.CommentMapper.listByPost - sql:select id, content, creator, url, status, parent, createTime from comment c where postid='7' and (status='approve' or creator='admin' ) order by c.createTime desc
DEBUG 2016/11/14 01:25:43 DEBUG getOptionValue:139 - ==>  Preparing: select value from options where id = ? 
DEBUG 2016/11/14 01:25:43 DEBUG getOptionValue:139 - ==> Parameters: keywords(String)
DEBUG 2016/11/14 01:25:44 DEBUG getOptionValue:139 - <==      Total: 0
DEBUG 2016/11/14 01:25:44 DEBUG PerformanceInterceptor:57 - use time->392 ms - id:com.itxiaoer.core.dal.mapper.OptionMapper.getOptionValue - sql:select value from options where id = 'keywords'
DEBUG 2016/11/14 01:25:44 DEBUG getOptionValue:139 - ==>  Preparing: select value from options where id = ? 
DEBUG 2016/11/14 01:25:44 DEBUG getOptionValue:139 - ==> Parameters: post_allowComment(String)
DEBUG 2016/11/14 01:25:44 DEBUG getOptionValue:139 - <==      Total: 0
DEBUG 2016/11/14 01:25:44 DEBUG PerformanceInterceptor:57 - use time->389 ms - id:com.itxiaoer.core.dal.mapper.OptionMapper.getOptionValue - sql:select value from options where id = 'post_allowComment'
DEBUG 2016/11/14 01:27:13 DEBUG LoginFilter:77 - logon-->/backend/index
DEBUG 2016/11/14 01:27:13 DEBUG count:139 - ==>  Preparing: select count(*) from user 
DEBUG 2016/11/14 01:27:13 DEBUG count:139 - ==> Parameters: 
DEBUG 2016/11/14 01:27:13 DEBUG count:139 - <==      Total: 1
DEBUG 2016/11/14 01:27:13 DEBUG PerformanceInterceptor:57 - use time->397 ms - id:com.itxiaoer.core.dal.mapper.UserMapper.count - sql:select count(*) from user
DEBUG 2016/11/14 01:27:13 DEBUG count:139 - ==>  Preparing: select count(*) from post 
DEBUG 2016/11/14 01:27:13 DEBUG count:139 - ==> Parameters: 
DEBUG 2016/11/14 01:27:13 DEBUG count:139 - <==      Total: 1
DEBUG 2016/11/14 01:27:13 DEBUG PerformanceInterceptor:57 - use time->407 ms - id:com.itxiaoer.core.dal.mapper.PostMapper.count - sql:select count(*) from post
DEBUG 2016/11/14 01:27:13 DEBUG count:139 - ==>  Preparing: select count(*) from comment 
DEBUG 2016/11/14 01:27:13 DEBUG count:139 - ==> Parameters: 
DEBUG 2016/11/14 01:27:14 DEBUG count:139 - <==      Total: 1
DEBUG 2016/11/14 01:27:14 DEBUG PerformanceInterceptor:57 - use time->408 ms - id:com.itxiaoer.core.dal.mapper.CommentMapper.count - sql:select count(*) from comment
DEBUG 2016/11/14 01:27:14 DEBUG count:139 - ==>  Preparing: select count(*) from upload 
DEBUG 2016/11/14 01:27:14 DEBUG count:139 - ==> Parameters: 
DEBUG 2016/11/14 01:27:14 DEBUG count:139 - <==      Total: 1
DEBUG 2016/11/14 01:27:14 DEBUG PerformanceInterceptor:57 - use time->288 ms - id:com.itxiaoer.core.dal.mapper.UploadMapper.count - sql:select count(*) from upload
DEBUG 2016/11/14 01:27:14 DEBUG listRecent:139 - ==>  Preparing: select id from post where type='post' order by createTime desc limit ? 
DEBUG 2016/11/14 01:27:14 DEBUG listRecent:139 - ==> Parameters: 10(Integer)
DEBUG 2016/11/14 01:27:14 DEBUG listRecent:139 - <==      Total: 2
DEBUG 2016/11/14 01:27:14 DEBUG PerformanceInterceptor:57 - use time->310 ms - id:com.itxiaoer.core.dal.mapper.PostMapper.listRecent - sql:select id from post where type='post' order by createTime desc limit 10
DEBUG 2016/11/14 01:27:14 DEBUG listRecent:139 - ==>  Preparing: select * from comment c order by c.createTime desc limit 10 
DEBUG 2016/11/14 01:27:14 DEBUG listRecent:139 - ==> Parameters: 
DEBUG 2016/11/14 01:27:15 DEBUG listRecent:139 - <==      Total: 0
DEBUG 2016/11/14 01:27:15 DEBUG PerformanceInterceptor:57 - use time->320 ms - id:com.itxiaoer.core.dal.mapper.CommentMapper.listRecent - sql:select * from comment c order by c.createTime desc limit 10
DEBUG 2016/11/14 01:28:06 DEBUG LoginFilter:77 - logon-->/
DEBUG 2016/11/14 01:28:06 DEBUG list:139 - ==>  Preparing: select count(*) from ( select id from post p where p.type=? order by p.createTime desc ) _temp_ 
DEBUG 2016/11/14 01:28:06 DEBUG BeanPropertyUtils:37 - can't found field mappedStatement in class class org.apache.ibatis.executor.statement.PreparedStatementHandler
DEBUG 2016/11/14 01:28:06 DEBUG list:139 - ==> Parameters: post(String)
DEBUG 2016/11/14 01:28:07 DEBUG list:139 - ==>  Preparing: select id from post p where p.type=? order by p.createTime desc limit 0,10 
DEBUG 2016/11/14 01:28:07 DEBUG list:139 - ==> Parameters: post(String)
DEBUG 2016/11/14 01:28:07 DEBUG list:139 - <==      Total: 2
DEBUG 2016/11/14 01:28:07 DEBUG PerformanceInterceptor:57 - use time->753 ms - id:com.itxiaoer.core.dal.mapper.PostMapper.list - sql:select id from post p where p.type='post' order by p.createTime desc
